<?xml version="1.0" encoding="UTF-8"?>
<!-- Generated by org.testng.reporters.JUnitReportReporter -->
<testsuite hostname="Val" failures="0" tests="1" name="com.buildpiper.testcases.JobTemplatetestCases" time="370.854" errors="0" timestamp="2023-07-11T12:04:46 IST" skipped="0">
  <testcase classname="com.buildpiper.testcases.JobTemplatetestCases" name="v3TemplateActions" time="370.854"/>
  <system-out>
checking if driver exist Getting driver  Getting driver  Getting driver  Setting driver C:\Users\sagar\Java_Workspace\BuildPiperFramework\Reports\11Jul_115834\v3TemplateActions_chrome\v3TemplateActions_chrome_192_Jul_115839.jpg <a href=C:\Users\sagar\Java_Workspace\BuildPiperFramework\Reports\11Jul_115834\v3TemplateActions_chrome\v3TemplateActions_chrome_192_Jul_115839.jpg alt='alternative text'>Step</a> Getting driver  C:\Users\sagar\Java_Workspace\BuildPiperFramework\Reports\11Jul_115834\v3TemplateActions_chrome\v3TemplateActions_chrome_192_Jul_115839.jpg <a href=C:\Users\sagar\Java_Workspace\BuildPiperFramework\Reports\11Jul_115834\v3TemplateActions_chrome\v3TemplateActions_chrome_192_Jul_115839.jpg alt='alternative text'>Step</a> Launching driver C:\Users\sagar\Java_Workspace\BuildPiperFramework\Reports\11Jul_115834\v3TemplateActions_chrome\v3TemplateActions_chrome_192_Jul_115839.jpg <a href=C:\Users\sagar\Java_Workspace\BuildPiperFramework\Reports\11Jul_115834\v3TemplateActions_chrome\v3TemplateActions_chrome_192_Jul_115839.jpg alt='alternative text'>Step</a> Executing; ui_launch Element [[ChromeDriver: chrome on WINDOWS (83499aad6ccbbf4ee31951dd6c17c91d)] -> name: email]is displayed on screen Setting value on element USER_NAME C:\Users\sagar\Java_Workspace\BuildPiperFramework\Reports\11Jul_115834\v3TemplateActions_chrome\v3TemplateActions_chrome_192_Jul_115842.jpg <a href=C:\Users\sagar\Java_Workspace\BuildPiperFramework\Reports\11Jul_115834\v3TemplateActions_chrome\v3TemplateActions_chrome_192_Jul_115842.jpg alt='alternative text'>Step</a> Element [[ChromeDriver: chrome on WINDOWS (83499aad6ccbbf4ee31951dd6c17c91d)] -> name: password]is displayed on screen Setting value on element PASSWORD C:\Users\sagar\Java_Workspace\BuildPiperFramework\Reports\11Jul_115834\v3TemplateActions_chrome\v3TemplateActions_chrome_192_Jul_115843.jpg <a href=C:\Users\sagar\Java_Workspace\BuildPiperFramework\Reports\11Jul_115834\v3TemplateActions_chrome\v3TemplateActions_chrome_192_Jul_115843.jpg alt='alternative text'>Step</a> Element [[ChromeDriver: chrome on WINDOWS (83499aad6ccbbf4ee31951dd6c17c91d)] -> xpath: //button[@type='submit']]is displayed on screen Clicking on element LOGIN_BTN C:\Users\sagar\Java_Workspace\BuildPiperFramework\Reports\11Jul_115834\v3TemplateActions_chrome\v3TemplateActions_chrome_192_Jul_115844.jpg <a href=C:\Users\sagar\Java_Workspace\BuildPiperFramework\Reports\11Jul_115834\v3TemplateActions_chrome\v3TemplateActions_chrome_192_Jul_115844.jpg alt='alternative text'>Step</a> Successful navigation is validated for LoginPage Getting driver  C:\Users\sagar\Java_Workspace\BuildPiperFramework\Reports\11Jul_115834\v3TemplateActions_chrome\v3TemplateActions_chrome_192_Jul_115844.jpg <a href=C:\Users\sagar\Java_Workspace\BuildPiperFramework\Reports\11Jul_115834\v3TemplateActions_chrome\v3TemplateActions_chrome_192_Jul_115844.jpg alt='alternative text'>Step</a> checking if driver exist C:\Users\sagar\Java_Workspace\BuildPiperFramework\Reports\11Jul_115834\v3TemplateActions_chrome\v3TemplateActions_chrome_192_Jul_115845.jpg <a href=C:\Users\sagar\Java_Workspace\BuildPiperFramework\Reports\11Jul_115834\v3TemplateActions_chrome\v3TemplateActions_chrome_192_Jul_115845.jpg alt='alternative text'>Step</a> Getting driver  C:\Users\sagar\Java_Workspace\BuildPiperFramework\Reports\11Jul_115834\v3TemplateActions_chrome\v3TemplateActions_chrome_192_Jul_115845.jpg <a href=C:\Users\sagar\Java_Workspace\BuildPiperFramework\Reports\11Jul_115834\v3TemplateActions_chrome\v3TemplateActions_chrome_192_Jul_115845.jpg alt='alternative text'>Step</a> Getting driver  C:\Users\sagar\Java_Workspace\BuildPiperFramework\Reports\11Jul_115834\v3TemplateActions_chrome\v3TemplateActions_chrome_192_Jul_115845.jpg <a href=C:\Users\sagar\Java_Workspace\BuildPiperFramework\Reports\11Jul_115834\v3TemplateActions_chrome\v3TemplateActions_chrome_192_Jul_115845.jpg alt='alternative text'>Step</a> checking if driver exist C:\Users\sagar\Java_Workspace\BuildPiperFramework\Reports\11Jul_115834\v3TemplateActions_chrome\v3TemplateActions_chrome_192_Jul_115846.jpg <a href=C:\Users\sagar\Java_Workspace\BuildPiperFramework\Reports\11Jul_115834\v3TemplateActions_chrome\v3TemplateActions_chrome_192_Jul_115846.jpg alt='alternative text'>Step</a> Getting driver  C:\Users\sagar\Java_Workspace\BuildPiperFramework\Reports\11Jul_115834\v3TemplateActions_chrome\v3TemplateActions_chrome_192_Jul_115846.jpg <a href=C:\Users\sagar\Java_Workspace\BuildPiperFramework\Reports\11Jul_115834\v3TemplateActions_chrome\v3TemplateActions_chrome_192_Jul_115846.jpg alt='alternative text'>Step</a> Getting driver  C:\Users\sagar\Java_Workspace\BuildPiperFramework\Reports\11Jul_115834\v3TemplateActions_chrome\v3TemplateActions_chrome_192_Jul_115846.jpg <a href=C:\Users\sagar\Java_Workspace\BuildPiperFramework\Reports\11Jul_115834\v3TemplateActions_chrome\v3TemplateActions_chrome_192_Jul_115846.jpg alt='alternative text'>Step</a> Element [[ChromeDriver: chrome on WINDOWS (83499aad6ccbbf4ee31951dd6c17c91d)] -> xpath: //button[@type='button' and @aria-controls='menu-appbar']//div//div]is displayed on screen Clicking on element userMenuAppBar C:\Users\sagar\Java_Workspace\BuildPiperFramework\Reports\11Jul_115834\v3TemplateActions_chrome\v3TemplateActions_chrome_192_Jul_115846.jpg <a href=C:\Users\sagar\Java_Workspace\BuildPiperFramework\Reports\11Jul_115834\v3TemplateActions_chrome\v3TemplateActions_chrome_192_Jul_115846.jpg alt='alternative text'>Step</a> Element [[ChromeDriver: chrome on WINDOWS (83499aad6ccbbf4ee31951dd6c17c91d)] -> xpath: //button[contains(@class,'btn-link-green')][text()=' Switch to User Portal']]is displayed on screen Clicking on element switching to user account C:\Users\sagar\Java_Workspace\BuildPiperFramework\Reports\11Jul_115834\v3TemplateActions_chrome\v3TemplateActions_chrome_192_Jul_115847.jpg <a href=C:\Users\sagar\Java_Workspace\BuildPiperFramework\Reports\11Jul_115834\v3TemplateActions_chrome\v3TemplateActions_chrome_192_Jul_115847.jpg alt='alternative text'>Step</a> checking if driver exist C:\Users\sagar\Java_Workspace\BuildPiperFramework\Reports\11Jul_115834\v3TemplateActions_chrome\v3TemplateActions_chrome_192_Jul_115847.jpg <a href=C:\Users\sagar\Java_Workspace\BuildPiperFramework\Reports\11Jul_115834\v3TemplateActions_chrome\v3TemplateActions_chrome_192_Jul_115847.jpg alt='alternative text'>Step</a> Getting driver  C:\Users\sagar\Java_Workspace\BuildPiperFramework\Reports\11Jul_115834\v3TemplateActions_chrome\v3TemplateActions_chrome_192_Jul_115848.jpg <a href=C:\Users\sagar\Java_Workspace\BuildPiperFramework\Reports\11Jul_115834\v3TemplateActions_chrome\v3TemplateActions_chrome_192_Jul_115848.jpg alt='alternative text'>Step</a> Getting driver  C:\Users\sagar\Java_Workspace\BuildPiperFramework\Reports\11Jul_115834\v3TemplateActions_chrome\v3TemplateActions_chrome_192_Jul_115848.jpg <a href=C:\Users\sagar\Java_Workspace\BuildPiperFramework\Reports\11Jul_115834\v3TemplateActions_chrome\v3TemplateActions_chrome_192_Jul_115848.jpg alt='alternative text'>Step</a> Element [[ChromeDriver: chrome on WINDOWS (83499aad6ccbbf4ee31951dd6c17c91d)] -> xpath: //li//button[contains(@class,'main-nav-1')]//span[1][@title]]is displayed on screen Element is present [[ChromeDriver: chrome on WINDOWS (83499aad6ccbbf4ee31951dd6c17c91d)] -> xpath: //li//button[contains(@class,'main-nav-1')]//span[1][@title]] C:\Users\sagar\Java_Workspace\BuildPiperFramework\Reports\11Jul_115834\v3TemplateActions_chrome\v3TemplateActions_chrome_192_Jul_115848.jpg <a href=C:\Users\sagar\Java_Workspace\BuildPiperFramework\Reports\11Jul_115834\v3TemplateActions_chrome\v3TemplateActions_chrome_192_Jul_115848.jpg alt='alternative text'>Step</a> Element [[ChromeDriver: chrome on WINDOWS (83499aad6ccbbf4ee31951dd6c17c91d)] -> xpath: //button//span[2][@class='flaticon-expand-arrow']/../..//div//span[@title='Job Templates']]is displayed on screen Element is present [[ChromeDriver: chrome on WINDOWS (83499aad6ccbbf4ee31951dd6c17c91d)] -> xpath: //button//span[2][@class='flaticon-expand-arrow']/../..//div//span[@title='Job Templates']] C:\Users\sagar\Java_Workspace\BuildPiperFramework\Reports\11Jul_115834\v3TemplateActions_chrome\v3TemplateActions_chrome_192_Jul_115849.jpg <a href=C:\Users\sagar\Java_Workspace\BuildPiperFramework\Reports\11Jul_115834\v3TemplateActions_chrome\v3TemplateActions_chrome_192_Jul_115849.jpg alt='alternative text'>Step</a> Element [[ChromeDriver: chrome on WINDOWS (83499aad6ccbbf4ee31951dd6c17c91d)] -> xpath: //button//span[2][@class='flaticon-expand-arrow']/../..//div//span[@title='Job Templates']]is displayed on screen Clicking on element User clicks on job template link in left panel C:\Users\sagar\Java_Workspace\BuildPiperFramework\Reports\11Jul_115834\v3TemplateActions_chrome\v3TemplateActions_chrome_192_Jul_115849.jpg <a href=C:\Users\sagar\Java_Workspace\BuildPiperFramework\Reports\11Jul_115834\v3TemplateActions_chrome\v3TemplateActions_chrome_192_Jul_115849.jpg alt='alternative text'>Step</a> Element [[ChromeDriver: chrome on WINDOWS (83499aad6ccbbf4ee31951dd6c17c91d)] -> xpath: //div[text()='perfeasy-testing-v3']]is displayed on screen Element is present [[ChromeDriver: chrome on WINDOWS (83499aad6ccbbf4ee31951dd6c17c91d)] -> xpath: //div[text()='perfeasy-testing-v3']] C:\Users\sagar\Java_Workspace\BuildPiperFramework\Reports\11Jul_115834\v3TemplateActions_chrome\v3TemplateActions_chrome_192_Jul_115850.jpg <a href=C:\Users\sagar\Java_Workspace\BuildPiperFramework\Reports\11Jul_115834\v3TemplateActions_chrome\v3TemplateActions_chrome_192_Jul_115850.jpg alt='alternative text'>Step</a> Element [[ChromeDriver: chrome on WINDOWS (83499aad6ccbbf4ee31951dd6c17c91d)] -> xpath: //div//p//div[text()='perfeasy-testing-v3']/../../../../..//a[@class='text-anchor-blue'][contains(@href,'/application/')][contains(@href,'/application/')]]is displayed on screen Clicking on element User clicks on job template edit C:\Users\sagar\Java_Workspace\BuildPiperFramework\Reports\11Jul_115834\v3TemplateActions_chrome\v3TemplateActions_chrome_192_Jul_115850.jpg <a href=C:\Users\sagar\Java_Workspace\BuildPiperFramework\Reports\11Jul_115834\v3TemplateActions_chrome\v3TemplateActions_chrome_192_Jul_115850.jpg alt='alternative text'>Step</a> Element [[ChromeDriver: chrome on WINDOWS (83499aad6ccbbf4ee31951dd6c17c91d)] -> xpath: //label[text()='integration_Job']/..//button[@class='transparent-btn nowrap']]is displayed on screen  Element +[[ChromeDriver: chrome on WINDOWS (83499aad6ccbbf4ee31951dd6c17c91d)] -> xpath: //label[text()='integration_Job']/..//button[@class='transparent-btn nowrap']] is not clickable using selenium click C:\Users\sagar\Java_Workspace\BuildPiperFramework\Reports\11Jul_115834\v3TemplateActions_chrome\v3TemplateActions_chrome_192_Jul_115852.jpg <a href=C:\Users\sagar\Java_Workspace\BuildPiperFramework\Reports\11Jul_115834\v3TemplateActions_chrome\v3TemplateActions_chrome_192_Jul_115852.jpg alt='alternative text'>Step</a> Clicking on element User Clicks on eye button over Integration Job C:\Users\sagar\Java_Workspace\BuildPiperFramework\Reports\11Jul_115834\v3TemplateActions_chrome\v3TemplateActions_chrome_192_Jul_115852.jpg <a href=C:\Users\sagar\Java_Workspace\BuildPiperFramework\Reports\11Jul_115834\v3TemplateActions_chrome\v3TemplateActions_chrome_192_Jul_115852.jpg alt='alternative text'>Step</a> Element [[ChromeDriver: chrome on WINDOWS (83499aad6ccbbf4ee31951dd6c17c91d)] -> xpath: //div[contains(@class,'step-card-design')]//label[text()='integration_testing']/..//button[@class='transparent-btn nowrap']]is displayed on screen  Element +[[ChromeDriver: chrome on WINDOWS (83499aad6ccbbf4ee31951dd6c17c91d)] -> xpath: //div[contains(@class,'step-card-design')]//label[text()='integration_testing']/..//button[@class='transparent-btn nowrap']] is not clickable using selenium click C:\Users\sagar\Java_Workspace\BuildPiperFramework\Reports\11Jul_115834\v3TemplateActions_chrome\v3TemplateActions_chrome_192_Jul_115854.jpg <a href=C:\Users\sagar\Java_Workspace\BuildPiperFramework\Reports\11Jul_115834\v3TemplateActions_chrome\v3TemplateActions_chrome_192_Jul_115854.jpg alt='alternative text'>Step</a> Clicking on element User clicks on edit integration details C:\Users\sagar\Java_Workspace\BuildPiperFramework\Reports\11Jul_115834\v3TemplateActions_chrome\v3TemplateActions_chrome_192_Jul_115854.jpg <a href=C:\Users\sagar\Java_Workspace\BuildPiperFramework\Reports\11Jul_115834\v3TemplateActions_chrome\v3TemplateActions_chrome_192_Jul_115854.jpg alt='alternative text'>Step</a> Element [[ChromeDriver: chrome on WINDOWS (83499aad6ccbbf4ee31951dd6c17c91d)] -> xpath: //div[text()='Edit Step']]is displayed on screen Clicking on element User clicks on edit integration step button C:\Users\sagar\Java_Workspace\BuildPiperFramework\Reports\11Jul_115834\v3TemplateActions_chrome\v3TemplateActions_chrome_192_Jul_115854.jpg <a href=C:\Users\sagar\Java_Workspace\BuildPiperFramework\Reports\11Jul_115834\v3TemplateActions_chrome\v3TemplateActions_chrome_192_Jul_115854.jpg alt='alternative text'>Step</a> Element [[ChromeDriver: chrome on WINDOWS (83499aad6ccbbf4ee31951dd6c17c91d)] -> xpath: //div[@class='custom-notify-header']/../..//button[text()='Close']]is displayed on screen Clicking on element User clicks on close edit step button C:\Users\sagar\Java_Workspace\BuildPiperFramework\Reports\11Jul_115834\v3TemplateActions_chrome\v3TemplateActions_chrome_192_Jul_115855.jpg <a href=C:\Users\sagar\Java_Workspace\BuildPiperFramework\Reports\11Jul_115834\v3TemplateActions_chrome\v3TemplateActions_chrome_192_Jul_115855.jpg alt='alternative text'>Step</a> Element [[ChromeDriver: chrome on WINDOWS (83499aad6ccbbf4ee31951dd6c17c91d)] -> xpath: //label[text()='Add New Step']]is displayed on screen  Element +Proxy element for: DefaultElementLocator 'By.xpath: //label[text()='Add New Step']' is not clickable using selenium click C:\Users\sagar\Java_Workspace\BuildPiperFramework\Reports\11Jul_115834\v3TemplateActions_chrome\v3TemplateActions_chrome_192_Jul_115856.jpg <a href=C:\Users\sagar\Java_Workspace\BuildPiperFramework\Reports\11Jul_115834\v3TemplateActions_chrome\v3TemplateActions_chrome_192_Jul_115856.jpg alt='alternative text'>Step</a> Clicking on element User clicks on add new step for integration job C:\Users\sagar\Java_Workspace\BuildPiperFramework\Reports\11Jul_115834\v3TemplateActions_chrome\v3TemplateActions_chrome_192_Jul_115857.jpg <a href=C:\Users\sagar\Java_Workspace\BuildPiperFramework\Reports\11Jul_115834\v3TemplateActions_chrome\v3TemplateActions_chrome_192_Jul_115857.jpg alt='alternative text'>Step</a> Element [[ChromeDriver: chrome on WINDOWS (83499aad6ccbbf4ee31951dd6c17c91d)] -> xpath: //label[text()='No Steps Selected']]is displayed on screen Element is present [[ChromeDriver: chrome on WINDOWS (83499aad6ccbbf4ee31951dd6c17c91d)] -> xpath: //label[text()='No Steps Selected']] C:\Users\sagar\Java_Workspace\BuildPiperFramework\Reports\11Jul_115834\v3TemplateActions_chrome\v3TemplateActions_chrome_192_Jul_115858.jpg <a href=C:\Users\sagar\Java_Workspace\BuildPiperFramework\Reports\11Jul_115834\v3TemplateActions_chrome\v3TemplateActions_chrome_192_Jul_115858.jpg alt='alternative text'>Step</a>  Element +[[ChromeDriver: chrome on WINDOWS (83499aad6ccbbf4ee31951dd6c17c91d)] -> xpath: //div[@class='click-btn']] is not clickable using selenium click C:\Users\sagar\Java_Workspace\BuildPiperFramework\Reports\11Jul_115834\v3TemplateActions_chrome\v3TemplateActions_chrome_192_Jul_115930.jpg <a href=C:\Users\sagar\Java_Workspace\BuildPiperFramework\Reports\11Jul_115834\v3TemplateActions_chrome\v3TemplateActions_chrome_192_Jul_115930.jpg alt='alternative text'>Step</a> Clicking on element User Clicks on Step Name C:\Users\sagar\Java_Workspace\BuildPiperFramework\Reports\11Jul_115834\v3TemplateActions_chrome\v3TemplateActions_chrome_192_Jul_115931.jpg <a href=C:\Users\sagar\Java_Workspace\BuildPiperFramework\Reports\11Jul_115834\v3TemplateActions_chrome\v3TemplateActions_chrome_192_Jul_115931.jpg alt='alternative text'>Step</a> Element [[ChromeDriver: chrome on WINDOWS (83499aad6ccbbf4ee31951dd6c17c91d)] -> xpath: //div[@class='custom-notify-header']/../..//button[text()='Close']]is displayed on screen Clicking on element clicks on close button C:\Users\sagar\Java_Workspace\BuildPiperFramework\Reports\11Jul_115834\v3TemplateActions_chrome\v3TemplateActions_chrome_192_Jul_115931.jpg <a href=C:\Users\sagar\Java_Workspace\BuildPiperFramework\Reports\11Jul_115834\v3TemplateActions_chrome\v3TemplateActions_chrome_192_Jul_115931.jpg alt='alternative text'>Step</a> Clicking on element User Clicks on Step Name C:\Users\sagar\Java_Workspace\BuildPiperFramework\Reports\11Jul_115834\v3TemplateActions_chrome\v3TemplateActions_chrome_192_Jul_120002.jpg <a href=C:\Users\sagar\Java_Workspace\BuildPiperFramework\Reports\11Jul_115834\v3TemplateActions_chrome\v3TemplateActions_chrome_192_Jul_120002.jpg alt='alternative text'>Step</a> Element [[ChromeDriver: chrome on WINDOWS (83499aad6ccbbf4ee31951dd6c17c91d)] -> xpath: //div[@class='custom-notify-header']/../..//button[text()='Close']]is displayed on screen Clicking on element clicks on close button C:\Users\sagar\Java_Workspace\BuildPiperFramework\Reports\11Jul_115834\v3TemplateActions_chrome\v3TemplateActions_chrome_192_Jul_120002.jpg <a href=C:\Users\sagar\Java_Workspace\BuildPiperFramework\Reports\11Jul_115834\v3TemplateActions_chrome\v3TemplateActions_chrome_192_Jul_120002.jpg alt='alternative text'>Step</a> Clicking on element User Clicks on Step Name C:\Users\sagar\Java_Workspace\BuildPiperFramework\Reports\11Jul_115834\v3TemplateActions_chrome\v3TemplateActions_chrome_192_Jul_120033.jpg <a href=C:\Users\sagar\Java_Workspace\BuildPiperFramework\Reports\11Jul_115834\v3TemplateActions_chrome\v3TemplateActions_chrome_192_Jul_120033.jpg alt='alternative text'>Step</a> Element [[ChromeDriver: chrome on WINDOWS (83499aad6ccbbf4ee31951dd6c17c91d)] -> xpath: //div[@class='custom-notify-header']/../..//button[text()='Close']]is displayed on screen Clicking on element clicks on close button C:\Users\sagar\Java_Workspace\BuildPiperFramework\Reports\11Jul_115834\v3TemplateActions_chrome\v3TemplateActions_chrome_192_Jul_120033.jpg <a href=C:\Users\sagar\Java_Workspace\BuildPiperFramework\Reports\11Jul_115834\v3TemplateActions_chrome\v3TemplateActions_chrome_192_Jul_120033.jpg alt='alternative text'>Step</a> Clicking on element User Clicks on Step Name C:\Users\sagar\Java_Workspace\BuildPiperFramework\Reports\11Jul_115834\v3TemplateActions_chrome\v3TemplateActions_chrome_192_Jul_120104.jpg <a href=C:\Users\sagar\Java_Workspace\BuildPiperFramework\Reports\11Jul_115834\v3TemplateActions_chrome\v3TemplateActions_chrome_192_Jul_120104.jpg alt='alternative text'>Step</a> Element [[ChromeDriver: chrome on WINDOWS (83499aad6ccbbf4ee31951dd6c17c91d)] -> xpath: //div[@class='custom-notify-header']/../..//button[text()='Close']]is displayed on screen Clicking on element clicks on close button C:\Users\sagar\Java_Workspace\BuildPiperFramework\Reports\11Jul_115834\v3TemplateActions_chrome\v3TemplateActions_chrome_192_Jul_120104.jpg <a href=C:\Users\sagar\Java_Workspace\BuildPiperFramework\Reports\11Jul_115834\v3TemplateActions_chrome\v3TemplateActions_chrome_192_Jul_120104.jpg alt='alternative text'>Step</a>  Element +[[ChromeDriver: chrome on WINDOWS (83499aad6ccbbf4ee31951dd6c17c91d)] -> xpath: //div[@class='click-btn']] is not clickable using selenium click C:\Users\sagar\Java_Workspace\BuildPiperFramework\Reports\11Jul_115834\v3TemplateActions_chrome\v3TemplateActions_chrome_192_Jul_120136.jpg <a href=C:\Users\sagar\Java_Workspace\BuildPiperFramework\Reports\11Jul_115834\v3TemplateActions_chrome\v3TemplateActions_chrome_192_Jul_120136.jpg alt='alternative text'>Step</a> Clicking on element User Clicks on Step Name C:\Users\sagar\Java_Workspace\BuildPiperFramework\Reports\11Jul_115834\v3TemplateActions_chrome\v3TemplateActions_chrome_192_Jul_120136.jpg <a href=C:\Users\sagar\Java_Workspace\BuildPiperFramework\Reports\11Jul_115834\v3TemplateActions_chrome\v3TemplateActions_chrome_192_Jul_120136.jpg alt='alternative text'>Step</a> Element [[ChromeDriver: chrome on WINDOWS (83499aad6ccbbf4ee31951dd6c17c91d)] -> xpath: //div[@class='custom-notify-header']/../..//button[text()='Close']]is displayed on screen Clicking on element clicks on close button C:\Users\sagar\Java_Workspace\BuildPiperFramework\Reports\11Jul_115834\v3TemplateActions_chrome\v3TemplateActions_chrome_192_Jul_120137.jpg <a href=C:\Users\sagar\Java_Workspace\BuildPiperFramework\Reports\11Jul_115834\v3TemplateActions_chrome\v3TemplateActions_chrome_192_Jul_120137.jpg alt='alternative text'>Step</a> Clicking on element User Clicks on Step Name C:\Users\sagar\Java_Workspace\BuildPiperFramework\Reports\11Jul_115834\v3TemplateActions_chrome\v3TemplateActions_chrome_192_Jul_120207.jpg <a href=C:\Users\sagar\Java_Workspace\BuildPiperFramework\Reports\11Jul_115834\v3TemplateActions_chrome\v3TemplateActions_chrome_192_Jul_120207.jpg alt='alternative text'>Step</a> Element [[ChromeDriver: chrome on WINDOWS (83499aad6ccbbf4ee31951dd6c17c91d)] -> xpath: //div[@class='custom-notify-header']/../..//button[text()='Close']]is displayed on screen Clicking on element clicks on close button C:\Users\sagar\Java_Workspace\BuildPiperFramework\Reports\11Jul_115834\v3TemplateActions_chrome\v3TemplateActions_chrome_192_Jul_120208.jpg <a href=C:\Users\sagar\Java_Workspace\BuildPiperFramework\Reports\11Jul_115834\v3TemplateActions_chrome\v3TemplateActions_chrome_192_Jul_120208.jpg alt='alternative text'>Step</a> Clicking on element User Clicks on Step Name C:\Users\sagar\Java_Workspace\BuildPiperFramework\Reports\11Jul_115834\v3TemplateActions_chrome\v3TemplateActions_chrome_192_Jul_120238.jpg <a href=C:\Users\sagar\Java_Workspace\BuildPiperFramework\Reports\11Jul_115834\v3TemplateActions_chrome\v3TemplateActions_chrome_192_Jul_120238.jpg alt='alternative text'>Step</a> Element [[ChromeDriver: chrome on WINDOWS (83499aad6ccbbf4ee31951dd6c17c91d)] -> xpath: //div[@class='custom-notify-header']/../..//button[text()='Close']]is displayed on screen Clicking on element clicks on close button C:\Users\sagar\Java_Workspace\BuildPiperFramework\Reports\11Jul_115834\v3TemplateActions_chrome\v3TemplateActions_chrome_192_Jul_120239.jpg <a href=C:\Users\sagar\Java_Workspace\BuildPiperFramework\Reports\11Jul_115834\v3TemplateActions_chrome\v3TemplateActions_chrome_192_Jul_120239.jpg alt='alternative text'>Step</a> Clicking on element User Clicks on Step Name C:\Users\sagar\Java_Workspace\BuildPiperFramework\Reports\11Jul_115834\v3TemplateActions_chrome\v3TemplateActions_chrome_192_Jul_120310.jpg <a href=C:\Users\sagar\Java_Workspace\BuildPiperFramework\Reports\11Jul_115834\v3TemplateActions_chrome\v3TemplateActions_chrome_192_Jul_120310.jpg alt='alternative text'>Step</a> Element [[ChromeDriver: chrome on WINDOWS (83499aad6ccbbf4ee31951dd6c17c91d)] -> xpath: //div[@class='custom-notify-header']/../..//button[text()='Close']]is displayed on screen Clicking on element clicks on close button C:\Users\sagar\Java_Workspace\BuildPiperFramework\Reports\11Jul_115834\v3TemplateActions_chrome\v3TemplateActions_chrome_192_Jul_120310.jpg <a href=C:\Users\sagar\Java_Workspace\BuildPiperFramework\Reports\11Jul_115834\v3TemplateActions_chrome\v3TemplateActions_chrome_192_Jul_120310.jpg alt='alternative text'>Step</a>  Element +[[ChromeDriver: chrome on WINDOWS (83499aad6ccbbf4ee31951dd6c17c91d)] -> xpath: //div[@class='click-btn']] is not clickable using selenium click C:\Users\sagar\Java_Workspace\BuildPiperFramework\Reports\11Jul_115834\v3TemplateActions_chrome\v3TemplateActions_chrome_192_Jul_120342.jpg <a href=C:\Users\sagar\Java_Workspace\BuildPiperFramework\Reports\11Jul_115834\v3TemplateActions_chrome\v3TemplateActions_chrome_192_Jul_120342.jpg alt='alternative text'>Step</a> Clicking on element User Clicks on Step Name C:\Users\sagar\Java_Workspace\BuildPiperFramework\Reports\11Jul_115834\v3TemplateActions_chrome\v3TemplateActions_chrome_192_Jul_120342.jpg <a href=C:\Users\sagar\Java_Workspace\BuildPiperFramework\Reports\11Jul_115834\v3TemplateActions_chrome\v3TemplateActions_chrome_192_Jul_120342.jpg alt='alternative text'>Step</a> Element [[ChromeDriver: chrome on WINDOWS (83499aad6ccbbf4ee31951dd6c17c91d)] -> xpath: //div[@class='custom-notify-header']/../..//button[text()='Close']]is displayed on screen Clicking on element clicks on close button C:\Users\sagar\Java_Workspace\BuildPiperFramework\Reports\11Jul_115834\v3TemplateActions_chrome\v3TemplateActions_chrome_192_Jul_120342.jpg <a href=C:\Users\sagar\Java_Workspace\BuildPiperFramework\Reports\11Jul_115834\v3TemplateActions_chrome\v3TemplateActions_chrome_192_Jul_120342.jpg alt='alternative text'>Step</a> Clicking on element User Clicks on Step Name C:\Users\sagar\Java_Workspace\BuildPiperFramework\Reports\11Jul_115834\v3TemplateActions_chrome\v3TemplateActions_chrome_192_Jul_120413.jpg <a href=C:\Users\sagar\Java_Workspace\BuildPiperFramework\Reports\11Jul_115834\v3TemplateActions_chrome\v3TemplateActions_chrome_192_Jul_120413.jpg alt='alternative text'>Step</a> Element [[ChromeDriver: chrome on WINDOWS (83499aad6ccbbf4ee31951dd6c17c91d)] -> xpath: //div[@class='custom-notify-header']/../..//button[text()='Close']]is displayed on screen Clicking on element clicks on close button C:\Users\sagar\Java_Workspace\BuildPiperFramework\Reports\11Jul_115834\v3TemplateActions_chrome\v3TemplateActions_chrome_192_Jul_120413.jpg <a href=C:\Users\sagar\Java_Workspace\BuildPiperFramework\Reports\11Jul_115834\v3TemplateActions_chrome\v3TemplateActions_chrome_192_Jul_120413.jpg alt='alternative text'>Step</a>  Element +[[ChromeDriver: chrome on WINDOWS (83499aad6ccbbf4ee31951dd6c17c91d)] -> xpath: //div[@class='click-btn']] is not clickable using selenium click C:\Users\sagar\Java_Workspace\BuildPiperFramework\Reports\11Jul_115834\v3TemplateActions_chrome\v3TemplateActions_chrome_192_Jul_120445.jpg <a href=C:\Users\sagar\Java_Workspace\BuildPiperFramework\Reports\11Jul_115834\v3TemplateActions_chrome\v3TemplateActions_chrome_192_Jul_120445.jpg alt='alternative text'>Step</a> Clicking on element User clicks on random step to be added C:\Users\sagar\Java_Workspace\BuildPiperFramework\Reports\11Jul_115834\v3TemplateActions_chrome\v3TemplateActions_chrome_192_Jul_120445.jpg <a href=C:\Users\sagar\Java_Workspace\BuildPiperFramework\Reports\11Jul_115834\v3TemplateActions_chrome\v3TemplateActions_chrome_192_Jul_120445.jpg alt='alternative text'>Step</a> Element [[ChromeDriver: chrome on WINDOWS (83499aad6ccbbf4ee31951dd6c17c91d)] -> xpath: //input[@name='INSTRUCTION']]is displayed on screen Setting value on element Instructions Text C:\Users\sagar\Java_Workspace\BuildPiperFramework\Reports\11Jul_115834\v3TemplateActions_chrome\v3TemplateActions_chrome_192_Jul_120446.jpg <a href=C:\Users\sagar\Java_Workspace\BuildPiperFramework\Reports\11Jul_115834\v3TemplateActions_chrome\v3TemplateActions_chrome_192_Jul_120446.jpg alt='alternative text'>Step</a> Result upload to testlink is disabled, Please ensure you have 'UpdateTestLink=Yes' in project.properties  ####### End of Test Case: v3TemplateActions #######  </system-out>
</testsuite> <!-- com.buildpiper.testcases.JobTemplatetestCases -->
