<?xml version="1.0" encoding="UTF-8"?>
<!-- Generated by org.testng.reporters.JUnitReportReporter -->
<testsuite hostname="Val" failures="0" tests="1" name="com.buildpiper.testcases.PreReqTest" time="32.642" errors="1" timestamp="2023-07-20T15:21:46 IST" skipped="0">
  <testcase classname="com.buildpiper.testcases.PreReqTest" name="OnboardRepo1" time="32.642">
    <error type="java.lang.NullPointerException">
      <![CDATA[java.lang.NullPointerException
at java.base/java.util.Objects.requireNonNull(Objects.java:208)
at org.openqa.selenium.support.ui.FluentWait.<init>(FluentWait.java:106)
at org.openqa.selenium.support.ui.FluentWait.<init>(FluentWait.java:97)
at com.buildpiper.capabilities.UICapability.ui_IsElementPresent(UICapability.java:201)
at com.buildpiper.base.Capability.ui_IsElementPresent(Capability.java:291)
at com.buildpiper.testcases.PreReqTest.OnboardRepo1(PreReqTest.java:71)
at java.base/jdk.internal.reflect.DirectMethodHandleAccessor.invoke(DirectMethodHandleAccessor.java:104)
at java.base/java.lang.reflect.Method.invoke(Method.java:577)
at org.testng.internal.MethodInvocationHelper.invokeMethod(MethodInvocationHelper.java:134)
at org.testng.internal.TestInvoker.invokeMethod(TestInvoker.java:597)
at org.testng.internal.TestInvoker.invokeTestMethod(TestInvoker.java:173)
at org.testng.internal.MethodRunner.runInSequence(MethodRunner.java:46)
at org.testng.internal.TestInvoker$MethodInvocationAgent.invoke(TestInvoker.java:816)
at org.testng.internal.TestInvoker.invokeTestMethods(TestInvoker.java:146)
at org.testng.internal.TestMethodWorker.invokeTestMethods(TestMethodWorker.java:146)
at org.testng.internal.TestMethodWorker.run(TestMethodWorker.java:128)
at java.base/java.util.ArrayList.forEach(ArrayList.java:1511)
at org.testng.TestRunner.privateRun(TestRunner.java:766)
at org.testng.TestRunner.run(TestRunner.java:587)
at org.testng.SuiteRunner.runTest(SuiteRunner.java:384)
at org.testng.SuiteRunner.runSequentially(SuiteRunner.java:378)
at org.testng.SuiteRunner.privateRun(SuiteRunner.java:337)
at org.testng.SuiteRunner.run(SuiteRunner.java:286)
at org.testng.SuiteRunnerWorker.runSuite(SuiteRunnerWorker.java:53)
at org.testng.SuiteRunnerWorker.run(SuiteRunnerWorker.java:96)
at org.testng.TestNG.runSuitesSequentially(TestNG.java:1187)
at org.testng.TestNG.runSuitesLocally(TestNG.java:1109)
at org.testng.TestNG.runSuites(TestNG.java:1039)
at org.testng.TestNG.run(TestNG.java:1007)
at org.testng.remote.AbstractRemoteTestNG.run(AbstractRemoteTestNG.java:115)
at org.testng.remote.RemoteTestNG.initAndRun(RemoteTestNG.java:251)
at org.testng.remote.RemoteTestNG.main(RemoteTestNG.java:77)
]]>
    </error>
  </testcase> <!-- OnboardRepo1 -->
  <system-out>
checking if driver exist Getting driver  Getting driver  Getting driver  Setting driver C:\Users\sagar\Java_Workspace\BP-3.1MajorRelease\Reports\20Jul_152112\OnboardRepo1_chrome\OnboardRepo1_chrome_201_Jul_152116.jpg <a href=C:\Users\sagar\Java_Workspace\BP-3.1MajorRelease\Reports\20Jul_152112\OnboardRepo1_chrome\OnboardRepo1_chrome_201_Jul_152116.jpg alt='alternative text'>Step</a> Getting driver  C:\Users\sagar\Java_Workspace\BP-3.1MajorRelease\Reports\20Jul_152112\OnboardRepo1_chrome\OnboardRepo1_chrome_201_Jul_152116.jpg <a href=C:\Users\sagar\Java_Workspace\BP-3.1MajorRelease\Reports\20Jul_152112\OnboardRepo1_chrome\OnboardRepo1_chrome_201_Jul_152116.jpg alt='alternative text'>Step</a> Launching driver C:\Users\sagar\Java_Workspace\BP-3.1MajorRelease\Reports\20Jul_152112\OnboardRepo1_chrome\OnboardRepo1_chrome_201_Jul_152116.jpg <a href=C:\Users\sagar\Java_Workspace\BP-3.1MajorRelease\Reports\20Jul_152112\OnboardRepo1_chrome\OnboardRepo1_chrome_201_Jul_152116.jpg alt='alternative text'>Step</a> Executing; ui_launch Element [[ChromeDriver: chrome on WINDOWS (7627c9d7e4885f5d0974358f243f81f5)] -> name: email]is displayed on screen Setting value on element USER_NAME C:\Users\sagar\Java_Workspace\BP-3.1MajorRelease\Reports\20Jul_152112\OnboardRepo1_chrome\OnboardRepo1_chrome_201_Jul_152135.jpg <a href=C:\Users\sagar\Java_Workspace\BP-3.1MajorRelease\Reports\20Jul_152112\OnboardRepo1_chrome\OnboardRepo1_chrome_201_Jul_152135.jpg alt='alternative text'>Step</a> Element [[ChromeDriver: chrome on WINDOWS (7627c9d7e4885f5d0974358f243f81f5)] -> name: password]is displayed on screen Setting value on element PASSWORD C:\Users\sagar\Java_Workspace\BP-3.1MajorRelease\Reports\20Jul_152112\OnboardRepo1_chrome\OnboardRepo1_chrome_201_Jul_152136.jpg <a href=C:\Users\sagar\Java_Workspace\BP-3.1MajorRelease\Reports\20Jul_152112\OnboardRepo1_chrome\OnboardRepo1_chrome_201_Jul_152136.jpg alt='alternative text'>Step</a> Element [[ChromeDriver: chrome on WINDOWS (7627c9d7e4885f5d0974358f243f81f5)] -> xpath: //button[@type='submit']]is displayed on screen Clicking on element LOGIN_BTN C:\Users\sagar\Java_Workspace\BP-3.1MajorRelease\Reports\20Jul_152112\OnboardRepo1_chrome\OnboardRepo1_chrome_201_Jul_152136.jpg <a href=C:\Users\sagar\Java_Workspace\BP-3.1MajorRelease\Reports\20Jul_152112\OnboardRepo1_chrome\OnboardRepo1_chrome_201_Jul_152136.jpg alt='alternative text'>Step</a> Successful navigation is validated for LoginPage Getting driver  C:\Users\sagar\Java_Workspace\BP-3.1MajorRelease\Reports\20Jul_152112\OnboardRepo1_chrome\OnboardRepo1_chrome_201_Jul_152137.jpg <a href=C:\Users\sagar\Java_Workspace\BP-3.1MajorRelease\Reports\20Jul_152112\OnboardRepo1_chrome\OnboardRepo1_chrome_201_Jul_152137.jpg alt='alternative text'>Step</a> checking if driver exist C:\Users\sagar\Java_Workspace\BP-3.1MajorRelease\Reports\20Jul_152112\OnboardRepo1_chrome\OnboardRepo1_chrome_201_Jul_152138.jpg <a href=C:\Users\sagar\Java_Workspace\BP-3.1MajorRelease\Reports\20Jul_152112\OnboardRepo1_chrome\OnboardRepo1_chrome_201_Jul_152138.jpg alt='alternative text'>Step</a> Getting driver  C:\Users\sagar\Java_Workspace\BP-3.1MajorRelease\Reports\20Jul_152112\OnboardRepo1_chrome\OnboardRepo1_chrome_201_Jul_152138.jpg <a href=C:\Users\sagar\Java_Workspace\BP-3.1MajorRelease\Reports\20Jul_152112\OnboardRepo1_chrome\OnboardRepo1_chrome_201_Jul_152138.jpg alt='alternative text'>Step</a> Getting driver  C:\Users\sagar\Java_Workspace\BP-3.1MajorRelease\Reports\20Jul_152112\OnboardRepo1_chrome\OnboardRepo1_chrome_201_Jul_152139.jpg <a href=C:\Users\sagar\Java_Workspace\BP-3.1MajorRelease\Reports\20Jul_152112\OnboardRepo1_chrome\OnboardRepo1_chrome_201_Jul_152139.jpg alt='alternative text'>Step</a> checking if driver exist C:\Users\sagar\Java_Workspace\BP-3.1MajorRelease\Reports\20Jul_152112\OnboardRepo1_chrome\OnboardRepo1_chrome_201_Jul_152139.jpg <a href=C:\Users\sagar\Java_Workspace\BP-3.1MajorRelease\Reports\20Jul_152112\OnboardRepo1_chrome\OnboardRepo1_chrome_201_Jul_152139.jpg alt='alternative text'>Step</a> Getting driver  C:\Users\sagar\Java_Workspace\BP-3.1MajorRelease\Reports\20Jul_152112\OnboardRepo1_chrome\OnboardRepo1_chrome_201_Jul_152140.jpg <a href=C:\Users\sagar\Java_Workspace\BP-3.1MajorRelease\Reports\20Jul_152112\OnboardRepo1_chrome\OnboardRepo1_chrome_201_Jul_152140.jpg alt='alternative text'>Step</a> Getting driver  C:\Users\sagar\Java_Workspace\BP-3.1MajorRelease\Reports\20Jul_152112\OnboardRepo1_chrome\OnboardRepo1_chrome_201_Jul_152140.jpg <a href=C:\Users\sagar\Java_Workspace\BP-3.1MajorRelease\Reports\20Jul_152112\OnboardRepo1_chrome\OnboardRepo1_chrome_201_Jul_152140.jpg alt='alternative text'>Step</a> Element [[ChromeDriver: chrome on WINDOWS (7627c9d7e4885f5d0974358f243f81f5)] -> xpath: //button[@type='button' and @aria-controls='menu-appbar']//div//div]is displayed on screen  Element +[[ChromeDriver: chrome on WINDOWS (7627c9d7e4885f5d0974358f243f81f5)] -> xpath: //button[@type='button' and @aria-controls='menu-appbar']//div//div] is not clickable using selenium click C:\Users\sagar\Java_Workspace\BP-3.1MajorRelease\Reports\20Jul_152112\OnboardRepo1_chrome\OnboardRepo1_chrome_201_Jul_152142.jpg <a href=C:\Users\sagar\Java_Workspace\BP-3.1MajorRelease\Reports\20Jul_152112\OnboardRepo1_chrome\OnboardRepo1_chrome_201_Jul_152142.jpg alt='alternative text'>Step</a> Clicking on element userMenuAppBar C:\Users\sagar\Java_Workspace\BP-3.1MajorRelease\Reports\20Jul_152112\OnboardRepo1_chrome\OnboardRepo1_chrome_201_Jul_152142.jpg <a href=C:\Users\sagar\Java_Workspace\BP-3.1MajorRelease\Reports\20Jul_152112\OnboardRepo1_chrome\OnboardRepo1_chrome_201_Jul_152142.jpg alt='alternative text'>Step</a> Element [[ChromeDriver: chrome on WINDOWS (7627c9d7e4885f5d0974358f243f81f5)] -> xpath: //button[contains(@class,'btn-link-green')][text()=' Switch to User Portal']]is displayed on screen Clicking on element switching to user account C:\Users\sagar\Java_Workspace\BP-3.1MajorRelease\Reports\20Jul_152112\OnboardRepo1_chrome\OnboardRepo1_chrome_201_Jul_152142.jpg <a href=C:\Users\sagar\Java_Workspace\BP-3.1MajorRelease\Reports\20Jul_152112\OnboardRepo1_chrome\OnboardRepo1_chrome_201_Jul_152142.jpg alt='alternative text'>Step</a> checking if driver exist C:\Users\sagar\Java_Workspace\BP-3.1MajorRelease\Reports\20Jul_152112\OnboardRepo1_chrome\OnboardRepo1_chrome_201_Jul_152142.jpg <a href=C:\Users\sagar\Java_Workspace\BP-3.1MajorRelease\Reports\20Jul_152112\OnboardRepo1_chrome\OnboardRepo1_chrome_201_Jul_152142.jpg alt='alternative text'>Step</a> Getting driver  C:\Users\sagar\Java_Workspace\BP-3.1MajorRelease\Reports\20Jul_152112\OnboardRepo1_chrome\OnboardRepo1_chrome_201_Jul_152143.jpg <a href=C:\Users\sagar\Java_Workspace\BP-3.1MajorRelease\Reports\20Jul_152112\OnboardRepo1_chrome\OnboardRepo1_chrome_201_Jul_152143.jpg alt='alternative text'>Step</a> Getting driver  C:\Users\sagar\Java_Workspace\BP-3.1MajorRelease\Reports\20Jul_152112\OnboardRepo1_chrome\OnboardRepo1_chrome_201_Jul_152143.jpg <a href=C:\Users\sagar\Java_Workspace\BP-3.1MajorRelease\Reports\20Jul_152112\OnboardRepo1_chrome\OnboardRepo1_chrome_201_Jul_152143.jpg alt='alternative text'>Step</a> Element [[ChromeDriver: chrome on WINDOWS (7627c9d7e4885f5d0974358f243f81f5)] -> xpath: //span[contains(@class,'shopping-basket-button')]//span[text()='Integrations']]is displayed on screen Clicking on element Integration button under side bar C:\Users\sagar\Java_Workspace\BP-3.1MajorRelease\Reports\20Jul_152112\OnboardRepo1_chrome\OnboardRepo1_chrome_201_Jul_152144.jpg <a href=C:\Users\sagar\Java_Workspace\BP-3.1MajorRelease\Reports\20Jul_152112\OnboardRepo1_chrome\OnboardRepo1_chrome_201_Jul_152144.jpg alt='alternative text'>Step</a> Element [[ChromeDriver: chrome on WINDOWS (7627c9d7e4885f5d0974358f243f81f5)] -> xpath: //a[@href='/repo/list']]is displayed on screen Clicking on element Repo Integration button under Integration button C:\Users\sagar\Java_Workspace\BP-3.1MajorRelease\Reports\20Jul_152112\OnboardRepo1_chrome\OnboardRepo1_chrome_201_Jul_152144.jpg <a href=C:\Users\sagar\Java_Workspace\BP-3.1MajorRelease\Reports\20Jul_152112\OnboardRepo1_chrome\OnboardRepo1_chrome_201_Jul_152144.jpg alt='alternative text'>Step</a> Element [[ChromeDriver: chrome on WINDOWS (7627c9d7e4885f5d0974358f243f81f5)] -> xpath: //div[contains(@class,'search-bar')]//input[@name='name' and @placeholder='Name']]is displayed on screen Element is present [[ChromeDriver: chrome on WINDOWS (7627c9d7e4885f5d0974358f243f81f5)] -> xpath: //div[contains(@class,'search-bar')]//input[@name='name' and @placeholder='Name']] C:\Users\sagar\Java_Workspace\BP-3.1MajorRelease\Reports\20Jul_152112\OnboardRepo1_chrome\OnboardRepo1_chrome_201_Jul_152145.jpg <a href=C:\Users\sagar\Java_Workspace\BP-3.1MajorRelease\Reports\20Jul_152112\OnboardRepo1_chrome\OnboardRepo1_chrome_201_Jul_152145.jpg alt='alternative text'>Step</a> Element [[ChromeDriver: chrome on WINDOWS (7627c9d7e4885f5d0974358f243f81f5)] -> xpath: //div[contains(@class,'search-bar')]//input[@name='name' and @placeholder='Name']]is displayed on screen Result upload to testlink is disabled, Please ensure you have 'UpdateTestLink=Yes' in project.properties  ####### End of Test Case: OnboardRepo1 #######  </system-out>
</testsuite> <!-- com.buildpiper.testcases.PreReqTest -->
