<?xml version="1.0" encoding="UTF-8"?>
<!-- Generated by org.testng.reporters.JUnitReportReporter -->
<testsuite hostname="Val" failures="0" tests="1" name="com.buildpiper.testcases.EnvironmentTestcasesExecution" time="8.564" errors="0" timestamp="2023-07-04T02:02:59 IST" skipped="0">
  <testcase classname="com.buildpiper.testcases.EnvironmentTestcasesExecution" name="CreateEnvironment" time="8.564"/>
  <system-out>
checking if driver exist Getting driver  Getting driver  Getting driver  Setting driver C:\Users\sagar\Java_Workspace\BuildPiperFramework\Reports\04Jul_020251\CreateEnvironment_chrome\CreateEnvironment_chrome_185_Jul_020253.jpg <a href=C:\Users\sagar\Java_Workspace\BuildPiperFramework\Reports\04Jul_020251\CreateEnvironment_chrome\CreateEnvironment_chrome_185_Jul_020253.jpg alt='alternative text'>Step</a> Getting driver  C:\Users\sagar\Java_Workspace\BuildPiperFramework\Reports\04Jul_020251\CreateEnvironment_chrome\CreateEnvironment_chrome_185_Jul_020253.jpg <a href=C:\Users\sagar\Java_Workspace\BuildPiperFramework\Reports\04Jul_020251\CreateEnvironment_chrome\CreateEnvironment_chrome_185_Jul_020253.jpg alt='alternative text'>Step</a> Launching driver C:\Users\sagar\Java_Workspace\BuildPiperFramework\Reports\04Jul_020251\CreateEnvironment_chrome\CreateEnvironment_chrome_185_Jul_020253.jpg <a href=C:\Users\sagar\Java_Workspace\BuildPiperFramework\Reports\04Jul_020251\CreateEnvironment_chrome\CreateEnvironment_chrome_185_Jul_020253.jpg alt='alternative text'>Step</a> Executing; ui_launch Element [[ChromeDriver: chrome on WINDOWS (88236116b16d09a629561ee37063f235)] -> name: email]is displayed on screen Setting value on element USER_NAME C:\Users\sagar\Java_Workspace\BuildPiperFramework\Reports\04Jul_020251\CreateEnvironment_chrome\CreateEnvironment_chrome_185_Jul_020255.jpg <a href=C:\Users\sagar\Java_Workspace\BuildPiperFramework\Reports\04Jul_020251\CreateEnvironment_chrome\CreateEnvironment_chrome_185_Jul_020255.jpg alt='alternative text'>Step</a> Element [[ChromeDriver: chrome on WINDOWS (88236116b16d09a629561ee37063f235)] -> name: password]is displayed on screen Setting value on element PASSWORD C:\Users\sagar\Java_Workspace\BuildPiperFramework\Reports\04Jul_020251\CreateEnvironment_chrome\CreateEnvironment_chrome_185_Jul_020256.jpg <a href=C:\Users\sagar\Java_Workspace\BuildPiperFramework\Reports\04Jul_020251\CreateEnvironment_chrome\CreateEnvironment_chrome_185_Jul_020256.jpg alt='alternative text'>Step</a> Element [[ChromeDriver: chrome on WINDOWS (88236116b16d09a629561ee37063f235)] -> xpath: //button[@type='submit']]is displayed on screen Clicking on element LOGIN_BTN C:\Users\sagar\Java_Workspace\BuildPiperFramework\Reports\04Jul_020251\CreateEnvironment_chrome\CreateEnvironment_chrome_185_Jul_020256.jpg <a href=C:\Users\sagar\Java_Workspace\BuildPiperFramework\Reports\04Jul_020251\CreateEnvironment_chrome\CreateEnvironment_chrome_185_Jul_020256.jpg alt='alternative text'>Step</a> Successful navigation is validated for LoginPage Getting driver  C:\Users\sagar\Java_Workspace\BuildPiperFramework\Reports\04Jul_020251\CreateEnvironment_chrome\CreateEnvironment_chrome_185_Jul_020257.jpg <a href=C:\Users\sagar\Java_Workspace\BuildPiperFramework\Reports\04Jul_020251\CreateEnvironment_chrome\CreateEnvironment_chrome_185_Jul_020257.jpg alt='alternative text'>Step</a> checking if driver exist C:\Users\sagar\Java_Workspace\BuildPiperFramework\Reports\04Jul_020251\CreateEnvironment_chrome\CreateEnvironment_chrome_185_Jul_020257.jpg <a href=C:\Users\sagar\Java_Workspace\BuildPiperFramework\Reports\04Jul_020251\CreateEnvironment_chrome\CreateEnvironment_chrome_185_Jul_020257.jpg alt='alternative text'>Step</a> Getting driver  C:\Users\sagar\Java_Workspace\BuildPiperFramework\Reports\04Jul_020251\CreateEnvironment_chrome\CreateEnvironment_chrome_185_Jul_020258.jpg <a href=C:\Users\sagar\Java_Workspace\BuildPiperFramework\Reports\04Jul_020251\CreateEnvironment_chrome\CreateEnvironment_chrome_185_Jul_020258.jpg alt='alternative text'>Step</a> Getting driver  C:\Users\sagar\Java_Workspace\BuildPiperFramework\Reports\04Jul_020251\CreateEnvironment_chrome\CreateEnvironment_chrome_185_Jul_020258.jpg <a href=C:\Users\sagar\Java_Workspace\BuildPiperFramework\Reports\04Jul_020251\CreateEnvironment_chrome\CreateEnvironment_chrome_185_Jul_020258.jpg alt='alternative text'>Step</a> checking if driver exist C:\Users\sagar\Java_Workspace\BuildPiperFramework\Reports\04Jul_020251\CreateEnvironment_chrome\CreateEnvironment_chrome_185_Jul_020258.jpg <a href=C:\Users\sagar\Java_Workspace\BuildPiperFramework\Reports\04Jul_020251\CreateEnvironment_chrome\CreateEnvironment_chrome_185_Jul_020258.jpg alt='alternative text'>Step</a> Getting driver  C:\Users\sagar\Java_Workspace\BuildPiperFramework\Reports\04Jul_020251\CreateEnvironment_chrome\CreateEnvironment_chrome_185_Jul_020258.jpg <a href=C:\Users\sagar\Java_Workspace\BuildPiperFramework\Reports\04Jul_020251\CreateEnvironment_chrome\CreateEnvironment_chrome_185_Jul_020258.jpg alt='alternative text'>Step</a> Getting driver  C:\Users\sagar\Java_Workspace\BuildPiperFramework\Reports\04Jul_020251\CreateEnvironment_chrome\CreateEnvironment_chrome_185_Jul_020258.jpg <a href=C:\Users\sagar\Java_Workspace\BuildPiperFramework\Reports\04Jul_020251\CreateEnvironment_chrome\CreateEnvironment_chrome_185_Jul_020258.jpg alt='alternative text'>Step</a> Element [[ChromeDriver: chrome on WINDOWS (88236116b16d09a629561ee37063f235)] -> xpath: //li//button[contains(@class,'main-nav-1')]//span[@title]]is displayed on screen Element is present [[ChromeDriver: chrome on WINDOWS (88236116b16d09a629561ee37063f235)] -> xpath: //li//button[contains(@class,'main-nav-1')]//span[@title]] C:\Users\sagar\Java_Workspace\BuildPiperFramework\Reports\04Jul_020251\CreateEnvironment_chrome\CreateEnvironment_chrome_185_Jul_020258.jpg <a href=C:\Users\sagar\Java_Workspace\BuildPiperFramework\Reports\04Jul_020251\CreateEnvironment_chrome\CreateEnvironment_chrome_185_Jul_020258.jpg alt='alternative text'>Step</a> Result upload to testlink is disabled, Please ensure you have 'UpdateTestLink=Yes' in project.properties  ####### End of Test Case: CreateEnvironment #######  </system-out>
</testsuite> <!-- com.buildpiper.testcases.EnvironmentTestcasesExecution -->
