<?xml version="1.0" encoding="UTF-8"?>
<!-- Generated by org.testng.reporters.JUnitReportReporter -->
<testsuite hostname="Val" failures="0" tests="1" name="com.buildpiper.testcases.SuperAdminTestCases" time="11.253" errors="0" timestamp="2023-07-13T12:37:14 IST" skipped="0">
  <testcase classname="com.buildpiper.testcases.SuperAdminTestCases" name="clusterOverview" time="11.253"/>
  <system-out>
checking if driver exist Getting driver  Getting driver  Getting driver  Setting driver C:\Users\sagar\Java_Workspace\BP-3.1MajorRelease\Reports\13Jul_123702\clusterOverview_chrome\clusterOverview_chrome_194_Jul_123706.jpg <a href=C:\Users\sagar\Java_Workspace\BP-3.1MajorRelease\Reports\13Jul_123702\clusterOverview_chrome\clusterOverview_chrome_194_Jul_123706.jpg alt='alternative text'>Step</a> Getting driver  C:\Users\sagar\Java_Workspace\BP-3.1MajorRelease\Reports\13Jul_123702\clusterOverview_chrome\clusterOverview_chrome_194_Jul_123706.jpg <a href=C:\Users\sagar\Java_Workspace\BP-3.1MajorRelease\Reports\13Jul_123702\clusterOverview_chrome\clusterOverview_chrome_194_Jul_123706.jpg alt='alternative text'>Step</a> Launching driver C:\Users\sagar\Java_Workspace\BP-3.1MajorRelease\Reports\13Jul_123702\clusterOverview_chrome\clusterOverview_chrome_194_Jul_123706.jpg <a href=C:\Users\sagar\Java_Workspace\BP-3.1MajorRelease\Reports\13Jul_123702\clusterOverview_chrome\clusterOverview_chrome_194_Jul_123706.jpg alt='alternative text'>Step</a> Executing; ui_launch Element [[ChromeDriver: chrome on WINDOWS (9985e7618d6c7be54f2ff2df5bb1b871)] -> name: email]is displayed on screen Setting value on element USER_NAME C:\Users\sagar\Java_Workspace\BP-3.1MajorRelease\Reports\13Jul_123702\clusterOverview_chrome\clusterOverview_chrome_194_Jul_123710.jpg <a href=C:\Users\sagar\Java_Workspace\BP-3.1MajorRelease\Reports\13Jul_123702\clusterOverview_chrome\clusterOverview_chrome_194_Jul_123710.jpg alt='alternative text'>Step</a> Element [[ChromeDriver: chrome on WINDOWS (9985e7618d6c7be54f2ff2df5bb1b871)] -> name: password]is displayed on screen Setting value on element PASSWORD C:\Users\sagar\Java_Workspace\BP-3.1MajorRelease\Reports\13Jul_123702\clusterOverview_chrome\clusterOverview_chrome_194_Jul_123710.jpg <a href=C:\Users\sagar\Java_Workspace\BP-3.1MajorRelease\Reports\13Jul_123702\clusterOverview_chrome\clusterOverview_chrome_194_Jul_123710.jpg alt='alternative text'>Step</a> Element [[ChromeDriver: chrome on WINDOWS (9985e7618d6c7be54f2ff2df5bb1b871)] -> xpath: //button[@type='submit']]is displayed on screen Clicking on element LOGIN_BTN C:\Users\sagar\Java_Workspace\BP-3.1MajorRelease\Reports\13Jul_123702\clusterOverview_chrome\clusterOverview_chrome_194_Jul_123711.jpg <a href=C:\Users\sagar\Java_Workspace\BP-3.1MajorRelease\Reports\13Jul_123702\clusterOverview_chrome\clusterOverview_chrome_194_Jul_123711.jpg alt='alternative text'>Step</a> Successful navigation is validated for LoginPage Getting driver  C:\Users\sagar\Java_Workspace\BP-3.1MajorRelease\Reports\13Jul_123702\clusterOverview_chrome\clusterOverview_chrome_194_Jul_123711.jpg <a href=C:\Users\sagar\Java_Workspace\BP-3.1MajorRelease\Reports\13Jul_123702\clusterOverview_chrome\clusterOverview_chrome_194_Jul_123711.jpg alt='alternative text'>Step</a> checking if driver exist C:\Users\sagar\Java_Workspace\BP-3.1MajorRelease\Reports\13Jul_123702\clusterOverview_chrome\clusterOverview_chrome_194_Jul_123712.jpg <a href=C:\Users\sagar\Java_Workspace\BP-3.1MajorRelease\Reports\13Jul_123702\clusterOverview_chrome\clusterOverview_chrome_194_Jul_123712.jpg alt='alternative text'>Step</a> Getting driver  C:\Users\sagar\Java_Workspace\BP-3.1MajorRelease\Reports\13Jul_123702\clusterOverview_chrome\clusterOverview_chrome_194_Jul_123712.jpg <a href=C:\Users\sagar\Java_Workspace\BP-3.1MajorRelease\Reports\13Jul_123702\clusterOverview_chrome\clusterOverview_chrome_194_Jul_123712.jpg alt='alternative text'>Step</a> Getting driver  C:\Users\sagar\Java_Workspace\BP-3.1MajorRelease\Reports\13Jul_123702\clusterOverview_chrome\clusterOverview_chrome_194_Jul_123712.jpg <a href=C:\Users\sagar\Java_Workspace\BP-3.1MajorRelease\Reports\13Jul_123702\clusterOverview_chrome\clusterOverview_chrome_194_Jul_123712.jpg alt='alternative text'>Step</a> checking if driver exist C:\Users\sagar\Java_Workspace\BP-3.1MajorRelease\Reports\13Jul_123702\clusterOverview_chrome\clusterOverview_chrome_194_Jul_123712.jpg <a href=C:\Users\sagar\Java_Workspace\BP-3.1MajorRelease\Reports\13Jul_123702\clusterOverview_chrome\clusterOverview_chrome_194_Jul_123712.jpg alt='alternative text'>Step</a> Getting driver  C:\Users\sagar\Java_Workspace\BP-3.1MajorRelease\Reports\13Jul_123702\clusterOverview_chrome\clusterOverview_chrome_194_Jul_123712.jpg <a href=C:\Users\sagar\Java_Workspace\BP-3.1MajorRelease\Reports\13Jul_123702\clusterOverview_chrome\clusterOverview_chrome_194_Jul_123712.jpg alt='alternative text'>Step</a> Getting driver  C:\Users\sagar\Java_Workspace\BP-3.1MajorRelease\Reports\13Jul_123702\clusterOverview_chrome\clusterOverview_chrome_194_Jul_123712.jpg <a href=C:\Users\sagar\Java_Workspace\BP-3.1MajorRelease\Reports\13Jul_123702\clusterOverview_chrome\clusterOverview_chrome_194_Jul_123712.jpg alt='alternative text'>Step</a> Element [[ChromeDriver: chrome on WINDOWS (9985e7618d6c7be54f2ff2df5bb1b871)] -> xpath: //span[text()='hercules-cluster']]is displayed on screen Element is present [[ChromeDriver: chrome on WINDOWS (9985e7618d6c7be54f2ff2df5bb1b871)] -> xpath: //span[text()='hercules-cluster']] C:\Users\sagar\Java_Workspace\BP-3.1MajorRelease\Reports\13Jul_123702\clusterOverview_chrome\clusterOverview_chrome_194_Jul_123713.jpg <a href=C:\Users\sagar\Java_Workspace\BP-3.1MajorRelease\Reports\13Jul_123702\clusterOverview_chrome\clusterOverview_chrome_194_Jul_123713.jpg alt='alternative text'>Step</a> Element [[ChromeDriver: chrome on WINDOWS (9985e7618d6c7be54f2ff2df5bb1b871)] -> xpath: //span[text()='hercules-cluster']]is displayed on screen Clicking on element clicks on cluster Name button C:\Users\sagar\Java_Workspace\BP-3.1MajorRelease\Reports\13Jul_123702\clusterOverview_chrome\clusterOverview_chrome_194_Jul_123713.jpg <a href=C:\Users\sagar\Java_Workspace\BP-3.1MajorRelease\Reports\13Jul_123702\clusterOverview_chrome\clusterOverview_chrome_194_Jul_123713.jpg alt='alternative text'>Step</a> Element [[ChromeDriver: chrome on WINDOWS (9985e7618d6c7be54f2ff2df5bb1b871)] -> xpath: //span[text()='Cluster Overview']]is displayed on screen Element is present [[ChromeDriver: chrome on WINDOWS (9985e7618d6c7be54f2ff2df5bb1b871)] -> xpath: //span[text()='Cluster Overview']] C:\Users\sagar\Java_Workspace\BP-3.1MajorRelease\Reports\13Jul_123702\clusterOverview_chrome\clusterOverview_chrome_194_Jul_123713.jpg <a href=C:\Users\sagar\Java_Workspace\BP-3.1MajorRelease\Reports\13Jul_123702\clusterOverview_chrome\clusterOverview_chrome_194_Jul_123713.jpg alt='alternative text'>Step</a> Element [[ChromeDriver: chrome on WINDOWS (9985e7618d6c7be54f2ff2df5bb1b871)] -> xpath: //span[text()='Cluster Overview']]is displayed on screen Clicking on element clicks on cluster Overview button C:\Users\sagar\Java_Workspace\BP-3.1MajorRelease\Reports\13Jul_123702\clusterOverview_chrome\clusterOverview_chrome_194_Jul_123713.jpg <a href=C:\Users\sagar\Java_Workspace\BP-3.1MajorRelease\Reports\13Jul_123702\clusterOverview_chrome\clusterOverview_chrome_194_Jul_123713.jpg alt='alternative text'>Step</a> Element [[ChromeDriver: chrome on WINDOWS (9985e7618d6c7be54f2ff2df5bb1b871)] -> xpath: //div[@class='general-data']//span[text()='Connected']]is displayed on screen Element is present [[ChromeDriver: chrome on WINDOWS (9985e7618d6c7be54f2ff2df5bb1b871)] -> xpath: //div[@class='general-data']//span[text()='Connected']] C:\Users\sagar\Java_Workspace\BP-3.1MajorRelease\Reports\13Jul_123702\clusterOverview_chrome\clusterOverview_chrome_194_Jul_123714.jpg <a href=C:\Users\sagar\Java_Workspace\BP-3.1MajorRelease\Reports\13Jul_123702\clusterOverview_chrome\clusterOverview_chrome_194_Jul_123714.jpg alt='alternative text'>Step</a> Result upload to testlink is disabled, Please ensure you have 'UpdateTestLink=Yes' in project.properties  ####### End of Test Case: clusterOverview #######  </system-out>
</testsuite> <!-- com.buildpiper.testcases.SuperAdminTestCases -->
