<?xml version="1.0" encoding="UTF-8"?>
<!-- Generated by org.testng.reporters.JUnitReportReporter -->
<testsuite hostname="Val" failures="0" tests="1" name="com.buildpiper.testcases.RepoIntegrationTestCases" time="16.353" errors="0" timestamp="2023-07-04T03:17:29 IST" skipped="0">
  <testcase classname="com.buildpiper.testcases.RepoIntegrationTestCases" name="AddSecretsOnAddRepoPage" time="16.353"/>
  <system-out>
checking if driver exist Getting driver  Getting driver  Getting driver  Setting driver C:\Users\sagar\Java_Workspace\BuildPiperFramework\Reports\04Jul_031712\AddSecretsOnAddRepoPage_chrome\AddSecretsOnAddRepoPage_chrome_185_Jul_031714.jpg <a href=C:\Users\sagar\Java_Workspace\BuildPiperFramework\Reports\04Jul_031712\AddSecretsOnAddRepoPage_chrome\AddSecretsOnAddRepoPage_chrome_185_Jul_031714.jpg alt='alternative text'>Step</a> Getting driver  C:\Users\sagar\Java_Workspace\BuildPiperFramework\Reports\04Jul_031712\AddSecretsOnAddRepoPage_chrome\AddSecretsOnAddRepoPage_chrome_185_Jul_031714.jpg <a href=C:\Users\sagar\Java_Workspace\BuildPiperFramework\Reports\04Jul_031712\AddSecretsOnAddRepoPage_chrome\AddSecretsOnAddRepoPage_chrome_185_Jul_031714.jpg alt='alternative text'>Step</a> Launching driver C:\Users\sagar\Java_Workspace\BuildPiperFramework\Reports\04Jul_031712\AddSecretsOnAddRepoPage_chrome\AddSecretsOnAddRepoPage_chrome_185_Jul_031714.jpg <a href=C:\Users\sagar\Java_Workspace\BuildPiperFramework\Reports\04Jul_031712\AddSecretsOnAddRepoPage_chrome\AddSecretsOnAddRepoPage_chrome_185_Jul_031714.jpg alt='alternative text'>Step</a> Executing; ui_launch Element [[ChromeDriver: chrome on WINDOWS (67bb88c39c723ce142f10ab421d6d427)] -> name: email]is displayed on screen Setting value on element USER_NAME C:\Users\sagar\Java_Workspace\BuildPiperFramework\Reports\04Jul_031712\AddSecretsOnAddRepoPage_chrome\AddSecretsOnAddRepoPage_chrome_185_Jul_031716.jpg <a href=C:\Users\sagar\Java_Workspace\BuildPiperFramework\Reports\04Jul_031712\AddSecretsOnAddRepoPage_chrome\AddSecretsOnAddRepoPage_chrome_185_Jul_031716.jpg alt='alternative text'>Step</a> Element [[ChromeDriver: chrome on WINDOWS (67bb88c39c723ce142f10ab421d6d427)] -> name: password]is displayed on screen Setting value on element PASSWORD C:\Users\sagar\Java_Workspace\BuildPiperFramework\Reports\04Jul_031712\AddSecretsOnAddRepoPage_chrome\AddSecretsOnAddRepoPage_chrome_185_Jul_031717.jpg <a href=C:\Users\sagar\Java_Workspace\BuildPiperFramework\Reports\04Jul_031712\AddSecretsOnAddRepoPage_chrome\AddSecretsOnAddRepoPage_chrome_185_Jul_031717.jpg alt='alternative text'>Step</a> Element [[ChromeDriver: chrome on WINDOWS (67bb88c39c723ce142f10ab421d6d427)] -> xpath: //button[@type='submit']]is displayed on screen Clicking on element LOGIN_BTN C:\Users\sagar\Java_Workspace\BuildPiperFramework\Reports\04Jul_031712\AddSecretsOnAddRepoPage_chrome\AddSecretsOnAddRepoPage_chrome_185_Jul_031717.jpg <a href=C:\Users\sagar\Java_Workspace\BuildPiperFramework\Reports\04Jul_031712\AddSecretsOnAddRepoPage_chrome\AddSecretsOnAddRepoPage_chrome_185_Jul_031717.jpg alt='alternative text'>Step</a> Successful navigation is validated for LoginPage Getting driver  C:\Users\sagar\Java_Workspace\BuildPiperFramework\Reports\04Jul_031712\AddSecretsOnAddRepoPage_chrome\AddSecretsOnAddRepoPage_chrome_185_Jul_031717.jpg <a href=C:\Users\sagar\Java_Workspace\BuildPiperFramework\Reports\04Jul_031712\AddSecretsOnAddRepoPage_chrome\AddSecretsOnAddRepoPage_chrome_185_Jul_031717.jpg alt='alternative text'>Step</a> checking if driver exist C:\Users\sagar\Java_Workspace\BuildPiperFramework\Reports\04Jul_031712\AddSecretsOnAddRepoPage_chrome\AddSecretsOnAddRepoPage_chrome_185_Jul_031718.jpg <a href=C:\Users\sagar\Java_Workspace\BuildPiperFramework\Reports\04Jul_031712\AddSecretsOnAddRepoPage_chrome\AddSecretsOnAddRepoPage_chrome_185_Jul_031718.jpg alt='alternative text'>Step</a> Getting driver  C:\Users\sagar\Java_Workspace\BuildPiperFramework\Reports\04Jul_031712\AddSecretsOnAddRepoPage_chrome\AddSecretsOnAddRepoPage_chrome_185_Jul_031718.jpg <a href=C:\Users\sagar\Java_Workspace\BuildPiperFramework\Reports\04Jul_031712\AddSecretsOnAddRepoPage_chrome\AddSecretsOnAddRepoPage_chrome_185_Jul_031718.jpg alt='alternative text'>Step</a> Getting driver  C:\Users\sagar\Java_Workspace\BuildPiperFramework\Reports\04Jul_031712\AddSecretsOnAddRepoPage_chrome\AddSecretsOnAddRepoPage_chrome_185_Jul_031718.jpg <a href=C:\Users\sagar\Java_Workspace\BuildPiperFramework\Reports\04Jul_031712\AddSecretsOnAddRepoPage_chrome\AddSecretsOnAddRepoPage_chrome_185_Jul_031718.jpg alt='alternative text'>Step</a> checking if driver exist C:\Users\sagar\Java_Workspace\BuildPiperFramework\Reports\04Jul_031712\AddSecretsOnAddRepoPage_chrome\AddSecretsOnAddRepoPage_chrome_185_Jul_031718.jpg <a href=C:\Users\sagar\Java_Workspace\BuildPiperFramework\Reports\04Jul_031712\AddSecretsOnAddRepoPage_chrome\AddSecretsOnAddRepoPage_chrome_185_Jul_031718.jpg alt='alternative text'>Step</a> Getting driver  C:\Users\sagar\Java_Workspace\BuildPiperFramework\Reports\04Jul_031712\AddSecretsOnAddRepoPage_chrome\AddSecretsOnAddRepoPage_chrome_185_Jul_031719.jpg <a href=C:\Users\sagar\Java_Workspace\BuildPiperFramework\Reports\04Jul_031712\AddSecretsOnAddRepoPage_chrome\AddSecretsOnAddRepoPage_chrome_185_Jul_031719.jpg alt='alternative text'>Step</a> Getting driver  C:\Users\sagar\Java_Workspace\BuildPiperFramework\Reports\04Jul_031712\AddSecretsOnAddRepoPage_chrome\AddSecretsOnAddRepoPage_chrome_185_Jul_031719.jpg <a href=C:\Users\sagar\Java_Workspace\BuildPiperFramework\Reports\04Jul_031712\AddSecretsOnAddRepoPage_chrome\AddSecretsOnAddRepoPage_chrome_185_Jul_031719.jpg alt='alternative text'>Step</a> Element [[ChromeDriver: chrome on WINDOWS (67bb88c39c723ce142f10ab421d6d427)] -> xpath: //span[contains(@class,'shopping-basket-button')]//span[text()='Integrations']]is displayed on screen Clicking on element Integration button under side bar C:\Users\sagar\Java_Workspace\BuildPiperFramework\Reports\04Jul_031712\AddSecretsOnAddRepoPage_chrome\AddSecretsOnAddRepoPage_chrome_185_Jul_031719.jpg <a href=C:\Users\sagar\Java_Workspace\BuildPiperFramework\Reports\04Jul_031712\AddSecretsOnAddRepoPage_chrome\AddSecretsOnAddRepoPage_chrome_185_Jul_031719.jpg alt='alternative text'>Step</a> Element [[ChromeDriver: chrome on WINDOWS (67bb88c39c723ce142f10ab421d6d427)] -> xpath: //a[@href='/repo/list']]is displayed on screen Clicking on element Repo Integration button under Integration button C:\Users\sagar\Java_Workspace\BuildPiperFramework\Reports\04Jul_031712\AddSecretsOnAddRepoPage_chrome\AddSecretsOnAddRepoPage_chrome_185_Jul_031719.jpg <a href=C:\Users\sagar\Java_Workspace\BuildPiperFramework\Reports\04Jul_031712\AddSecretsOnAddRepoPage_chrome\AddSecretsOnAddRepoPage_chrome_185_Jul_031719.jpg alt='alternative text'>Step</a> Element [[ChromeDriver: chrome on WINDOWS (67bb88c39c723ce142f10ab421d6d427)] -> xpath: //button[contains(@class,'btn btn-primary-v2')][text()=' Add Repo']]is displayed on screen Element is present [[ChromeDriver: chrome on WINDOWS (67bb88c39c723ce142f10ab421d6d427)] -> xpath: //button[contains(@class,'btn btn-primary-v2')][text()=' Add Repo']] C:\Users\sagar\Java_Workspace\BuildPiperFramework\Reports\04Jul_031712\AddSecretsOnAddRepoPage_chrome\AddSecretsOnAddRepoPage_chrome_185_Jul_031720.jpg <a href=C:\Users\sagar\Java_Workspace\BuildPiperFramework\Reports\04Jul_031712\AddSecretsOnAddRepoPage_chrome\AddSecretsOnAddRepoPage_chrome_185_Jul_031720.jpg alt='alternative text'>Step</a> Element [[ChromeDriver: chrome on WINDOWS (67bb88c39c723ce142f10ab421d6d427)] -> xpath: //button[contains(@class,'btn btn-primary-v2')][text()=' Add Repo']]is displayed on screen Clicking on element clicks on add repo button C:\Users\sagar\Java_Workspace\BuildPiperFramework\Reports\04Jul_031712\AddSecretsOnAddRepoPage_chrome\AddSecretsOnAddRepoPage_chrome_185_Jul_031720.jpg <a href=C:\Users\sagar\Java_Workspace\BuildPiperFramework\Reports\04Jul_031712\AddSecretsOnAddRepoPage_chrome\AddSecretsOnAddRepoPage_chrome_185_Jul_031720.jpg alt='alternative text'>Step</a> Element [[ChromeDriver: chrome on WINDOWS (67bb88c39c723ce142f10ab421d6d427)] -> xpath: //input[@name='name' and @placeholder]]is displayed on screen Element [[ChromeDriver: chrome on WINDOWS (67bb88c39c723ce142f10ab421d6d427)] -> xpath: //a[@href='/secrets/add']]is displayed on screen Clicking on element adds new secret C:\Users\sagar\Java_Workspace\BuildPiperFramework\Reports\04Jul_031712\AddSecretsOnAddRepoPage_chrome\AddSecretsOnAddRepoPage_chrome_185_Jul_031721.jpg <a href=C:\Users\sagar\Java_Workspace\BuildPiperFramework\Reports\04Jul_031712\AddSecretsOnAddRepoPage_chrome\AddSecretsOnAddRepoPage_chrome_185_Jul_031721.jpg alt='alternative text'>Step</a> Result upload to testlink is disabled, Please ensure you have 'UpdateTestLink=Yes' in project.properties  ####### End of Test Case: AddSecretsOnAddRepoPage #######  </system-out>
</testsuite> <!-- com.buildpiper.testcases.RepoIntegrationTestCases -->
