<?xml version="1.0" encoding="UTF-8"?>
<!-- Generated by org.testng.reporters.JUnitReportReporter -->
<testsuite hostname="Val" failures="0" tests="1" name="com.buildpiper.testcases.ServiceCreationTestcases" time="87.591" errors="1" timestamp="2023-10-27T03:38:30 IST" skipped="0">
  <testcase classname="com.buildpiper.testcases.ServiceCreationTestcases" name="createHelmService" time="87.591">
    <error message="no such element: Unable to locate element: {&quot;method&quot;:&quot;xpath&quot;,&quot;selector&quot;:&quot;//input[@name=&#039;deployment_name&#039; and @placeholder=&#039;service-env-master-project-env&#039;]&quot;}
  (Session info: chrome=118.0.5993.71)
For documentation on this error, please visit: https://www.seleniumhq.org/exceptions/no_such_element.html
Build info: version: &#039;3.141.59&#039;, revision: &#039;e82be7d358&#039;, time: &#039;2018-11-14T08:17:03&#039;
System info: host: &#039;VAL&#039;, ip: &#039;192.168.1.5&#039;, os.name: &#039;Windows 11&#039;, os.arch: &#039;amd64&#039;, os.version: &#039;10.0&#039;, java.version: &#039;18.0.1.1&#039;
Driver info: org.openqa.selenium.chrome.ChromeDriver
Capabilities {acceptInsecureCerts: false, browserName: chrome, browserVersion: 118.0.5993.71, chrome: {chromedriverVersion: 118.0.5993.70 (e52f33f30b91..., userDataDir: C:\Users\sagar\AppData\Loca...}, fedcm:accounts: true, goog:chromeOptions: {debuggerAddress: localhost:59651}, javascriptEnabled: true, networkConnectionEnabled: false, pageLoadStrategy: normal, platform: WINDOWS, platformName: WINDOWS, proxy: Proxy(), setWindowRect: true, strictFileInteractability: false, timeouts: {implicit: 0, pageLoad: 300000, script: 30000}, unhandledPromptBehavior: dismiss and notify, webauthn:extension:credBlob: true, webauthn:extension:largeBlob: true, webauthn:extension:minPinLength: true, webauthn:extension:prf: true, webauthn:virtualAuthenticators: true}
Session ID: e97bf688cacd88fbf2ea3b7eecac9ebd
*** Element info: {Using=xpath, value=//input[@name=&#039;deployment_name&#039; and @placeholder=&#039;service-env-master-project-env&#039;]}" type="org.openqa.selenium.NoSuchElementException">
      <![CDATA[org.openqa.selenium.NoSuchElementException: no such element: Unable to locate element: {"method":"xpath","selector":"//input[@name='deployment_name' and @placeholder='service-env-master-project-env']"}
  (Session info: chrome=118.0.5993.71)
For documentation on this error, please visit: https://www.seleniumhq.org/exceptions/no_such_element.html
Build info: version: '3.141.59', revision: 'e82be7d358', time: '2018-11-14T08:17:03'
System info: host: 'VAL', ip: '192.168.1.5', os.name: 'Windows 11', os.arch: 'amd64', os.version: '10.0', java.version: '18.0.1.1'
Driver info: org.openqa.selenium.chrome.ChromeDriver
Capabilities {acceptInsecureCerts: false, browserName: chrome, browserVersion: 118.0.5993.71, chrome: {chromedriverVersion: 118.0.5993.70 (e52f33f30b91..., userDataDir: C:\Users\sagar\AppData\Loca...}, fedcm:accounts: true, goog:chromeOptions: {debuggerAddress: localhost:59651}, javascriptEnabled: true, networkConnectionEnabled: false, pageLoadStrategy: normal, platform: WINDOWS, platformName: WINDOWS, proxy: Proxy(), setWindowRect: true, strictFileInteractability: false, timeouts: {implicit: 0, pageLoad: 300000, script: 30000}, unhandledPromptBehavior: dismiss and notify, webauthn:extension:credBlob: true, webauthn:extension:largeBlob: true, webauthn:extension:minPinLength: true, webauthn:extension:prf: true, webauthn:virtualAuthenticators: true}
Session ID: e97bf688cacd88fbf2ea3b7eecac9ebd
*** Element info: {Using=xpath, value=//input[@name='deployment_name' and @placeholder='service-env-master-project-env']}
at java.base/jdk.internal.reflect.DirectConstructorHandleAccessor.newInstance(DirectConstructorHandleAccessor.java:67)
at java.base/java.lang.reflect.Constructor.newInstanceWithCaller(Constructor.java:499)
at java.base/java.lang.reflect.Constructor.newInstance(Constructor.java:483)
at org.openqa.selenium.remote.http.W3CHttpResponseCodec.createException(W3CHttpResponseCodec.java:187)
at org.openqa.selenium.remote.http.W3CHttpResponseCodec.decode(W3CHttpResponseCodec.java:122)
at org.openqa.selenium.remote.http.W3CHttpResponseCodec.decode(W3CHttpResponseCodec.java:49)
at org.openqa.selenium.remote.HttpCommandExecutor.execute(HttpCommandExecutor.java:158)
at org.openqa.selenium.remote.service.DriverCommandExecutor.execute(DriverCommandExecutor.java:83)
at org.openqa.selenium.remote.RemoteWebDriver.execute(RemoteWebDriver.java:552)
at org.openqa.selenium.remote.RemoteWebDriver.findElement(RemoteWebDriver.java:323)
at org.openqa.selenium.remote.RemoteWebDriver.findElementByXPath(RemoteWebDriver.java:428)
at org.openqa.selenium.By$ByXPath.findElement(By.java:353)
at org.openqa.selenium.remote.RemoteWebDriver.findElement(RemoteWebDriver.java:315)
at org.openqa.selenium.support.pagefactory.DefaultElementLocator.findElement(DefaultElementLocator.java:69)
at org.openqa.selenium.support.pagefactory.internal.LocatingElementHandler.invoke(LocatingElementHandler.java:38)
at jdk.proxy2/jdk.proxy2.$Proxy25.getAttribute(Unknown Source)
at com.buildpiper.pages.ServiceCreationPage.CreateHelmNewService(ServiceCreationPage.java:944)
at com.buildpiper.testcases.ServiceCreationTestcases.createHelmService(ServiceCreationTestcases.java:175)
at java.base/jdk.internal.reflect.DirectMethodHandleAccessor.invoke(DirectMethodHandleAccessor.java:104)
at java.base/java.lang.reflect.Method.invoke(Method.java:577)
at org.testng.internal.MethodInvocationHelper.invokeMethod(MethodInvocationHelper.java:134)
at org.testng.internal.TestInvoker.invokeMethod(TestInvoker.java:597)
at org.testng.internal.TestInvoker.invokeTestMethod(TestInvoker.java:173)
at org.testng.internal.MethodRunner.runInSequence(MethodRunner.java:46)
at org.testng.internal.TestInvoker$MethodInvocationAgent.invoke(TestInvoker.java:816)
at org.testng.internal.TestInvoker.invokeTestMethods(TestInvoker.java:146)
at org.testng.internal.TestMethodWorker.invokeTestMethods(TestMethodWorker.java:146)
at org.testng.internal.TestMethodWorker.run(TestMethodWorker.java:128)
at java.base/java.util.ArrayList.forEach(ArrayList.java:1511)
at org.testng.TestRunner.privateRun(TestRunner.java:766)
at org.testng.TestRunner.run(TestRunner.java:587)
at org.testng.SuiteRunner.runTest(SuiteRunner.java:384)
at org.testng.SuiteRunner.runSequentially(SuiteRunner.java:378)
at org.testng.SuiteRunner.privateRun(SuiteRunner.java:337)
at org.testng.SuiteRunner.run(SuiteRunner.java:286)
at org.testng.SuiteRunnerWorker.runSuite(SuiteRunnerWorker.java:53)
at org.testng.SuiteRunnerWorker.run(SuiteRunnerWorker.java:96)
at org.testng.TestNG.runSuitesSequentially(TestNG.java:1187)
at org.testng.TestNG.runSuitesLocally(TestNG.java:1109)
at org.testng.TestNG.runSuites(TestNG.java:1039)
at org.testng.TestNG.run(TestNG.java:1007)
at org.testng.remote.AbstractRemoteTestNG.run(AbstractRemoteTestNG.java:115)
at org.testng.remote.RemoteTestNG.initAndRun(RemoteTestNG.java:251)
at org.testng.remote.RemoteTestNG.main(RemoteTestNG.java:77)
]]>
    </error>
  </testcase> <!-- createHelmService -->
  <system-out>
checking if driver exist Getting driver  Getting driver  Getting driver  Setting driver C:\Users\sagar\Java_Workspace\BP-3.2MajorRelease\Reports\27Oct_033701\createHelmService_chrome\createHelmService_chrome_300_Oct_033706.jpg <a href=C:\Users\sagar\Java_Workspace\BP-3.2MajorRelease\Reports\27Oct_033701\createHelmService_chrome\createHelmService_chrome_300_Oct_033706.jpg alt='alternative text'>Step</a> Getting driver  C:\Users\sagar\Java_Workspace\BP-3.2MajorRelease\Reports\27Oct_033701\createHelmService_chrome\createHelmService_chrome_300_Oct_033707.jpg <a href=C:\Users\sagar\Java_Workspace\BP-3.2MajorRelease\Reports\27Oct_033701\createHelmService_chrome\createHelmService_chrome_300_Oct_033707.jpg alt='alternative text'>Step</a> Launching driver C:\Users\sagar\Java_Workspace\BP-3.2MajorRelease\Reports\27Oct_033701\createHelmService_chrome\createHelmService_chrome_300_Oct_033707.jpg <a href=C:\Users\sagar\Java_Workspace\BP-3.2MajorRelease\Reports\27Oct_033701\createHelmService_chrome\createHelmService_chrome_300_Oct_033707.jpg alt='alternative text'>Step</a> Executing; ui_launch Element [[ChromeDriver: chrome on WINDOWS (e97bf688cacd88fbf2ea3b7eecac9ebd)] -> name: email]is displayed on screen Setting value on element USER_NAME C:\Users\sagar\Java_Workspace\BP-3.2MajorRelease\Reports\27Oct_033701\createHelmService_chrome\createHelmService_chrome_300_Oct_033713.jpg <a href=C:\Users\sagar\Java_Workspace\BP-3.2MajorRelease\Reports\27Oct_033701\createHelmService_chrome\createHelmService_chrome_300_Oct_033713.jpg alt='alternative text'>Step</a> Element [[ChromeDriver: chrome on WINDOWS (e97bf688cacd88fbf2ea3b7eecac9ebd)] -> name: password]is displayed on screen Setting value on element PASSWORD C:\Users\sagar\Java_Workspace\BP-3.2MajorRelease\Reports\27Oct_033701\createHelmService_chrome\createHelmService_chrome_300_Oct_033714.jpg <a href=C:\Users\sagar\Java_Workspace\BP-3.2MajorRelease\Reports\27Oct_033701\createHelmService_chrome\createHelmService_chrome_300_Oct_033714.jpg alt='alternative text'>Step</a> Element [[ChromeDriver: chrome on WINDOWS (e97bf688cacd88fbf2ea3b7eecac9ebd)] -> xpath: //button[@type='submit']]is displayed on screen Clicking on element LOGIN_BTN C:\Users\sagar\Java_Workspace\BP-3.2MajorRelease\Reports\27Oct_033701\createHelmService_chrome\createHelmService_chrome_300_Oct_033715.jpg <a href=C:\Users\sagar\Java_Workspace\BP-3.2MajorRelease\Reports\27Oct_033701\createHelmService_chrome\createHelmService_chrome_300_Oct_033715.jpg alt='alternative text'>Step</a> Successful navigation is validated for LoginPage Getting driver  C:\Users\sagar\Java_Workspace\BP-3.2MajorRelease\Reports\27Oct_033701\createHelmService_chrome\createHelmService_chrome_300_Oct_033716.jpg <a href=C:\Users\sagar\Java_Workspace\BP-3.2MajorRelease\Reports\27Oct_033701\createHelmService_chrome\createHelmService_chrome_300_Oct_033716.jpg alt='alternative text'>Step</a> checking if driver exist C:\Users\sagar\Java_Workspace\BP-3.2MajorRelease\Reports\27Oct_033701\createHelmService_chrome\createHelmService_chrome_300_Oct_033717.jpg <a href=C:\Users\sagar\Java_Workspace\BP-3.2MajorRelease\Reports\27Oct_033701\createHelmService_chrome\createHelmService_chrome_300_Oct_033717.jpg alt='alternative text'>Step</a> Getting driver  C:\Users\sagar\Java_Workspace\BP-3.2MajorRelease\Reports\27Oct_033701\createHelmService_chrome\createHelmService_chrome_300_Oct_033718.jpg <a href=C:\Users\sagar\Java_Workspace\BP-3.2MajorRelease\Reports\27Oct_033701\createHelmService_chrome\createHelmService_chrome_300_Oct_033718.jpg alt='alternative text'>Step</a> Getting driver  C:\Users\sagar\Java_Workspace\BP-3.2MajorRelease\Reports\27Oct_033701\createHelmService_chrome\createHelmService_chrome_300_Oct_033719.jpg <a href=C:\Users\sagar\Java_Workspace\BP-3.2MajorRelease\Reports\27Oct_033701\createHelmService_chrome\createHelmService_chrome_300_Oct_033719.jpg alt='alternative text'>Step</a> checking if driver exist C:\Users\sagar\Java_Workspace\BP-3.2MajorRelease\Reports\27Oct_033701\createHelmService_chrome\createHelmService_chrome_300_Oct_033719.jpg <a href=C:\Users\sagar\Java_Workspace\BP-3.2MajorRelease\Reports\27Oct_033701\createHelmService_chrome\createHelmService_chrome_300_Oct_033719.jpg alt='alternative text'>Step</a> Getting driver  C:\Users\sagar\Java_Workspace\BP-3.2MajorRelease\Reports\27Oct_033701\createHelmService_chrome\createHelmService_chrome_300_Oct_033719.jpg <a href=C:\Users\sagar\Java_Workspace\BP-3.2MajorRelease\Reports\27Oct_033701\createHelmService_chrome\createHelmService_chrome_300_Oct_033719.jpg alt='alternative text'>Step</a> Getting driver  C:\Users\sagar\Java_Workspace\BP-3.2MajorRelease\Reports\27Oct_033701\createHelmService_chrome\createHelmService_chrome_300_Oct_033720.jpg <a href=C:\Users\sagar\Java_Workspace\BP-3.2MajorRelease\Reports\27Oct_033701\createHelmService_chrome\createHelmService_chrome_300_Oct_033720.jpg alt='alternative text'>Step</a> Element [[ChromeDriver: chrome on WINDOWS (e97bf688cacd88fbf2ea3b7eecac9ebd)] -> xpath: //div[@aria-controls='simple-menu']//div//div[2]//p]is displayed on screen Clicking on element userMenuAppBar C:\Users\sagar\Java_Workspace\BP-3.2MajorRelease\Reports\27Oct_033701\createHelmService_chrome\createHelmService_chrome_300_Oct_033720.jpg <a href=C:\Users\sagar\Java_Workspace\BP-3.2MajorRelease\Reports\27Oct_033701\createHelmService_chrome\createHelmService_chrome_300_Oct_033720.jpg alt='alternative text'>Step</a> Element [[ChromeDriver: chrome on WINDOWS (e97bf688cacd88fbf2ea3b7eecac9ebd)] -> xpath: //p[@class='inactive-portal cursor-pointer']]is displayed on screen Clicking on element switching to user account C:\Users\sagar\Java_Workspace\BP-3.2MajorRelease\Reports\27Oct_033701\createHelmService_chrome\createHelmService_chrome_300_Oct_033721.jpg <a href=C:\Users\sagar\Java_Workspace\BP-3.2MajorRelease\Reports\27Oct_033701\createHelmService_chrome\createHelmService_chrome_300_Oct_033721.jpg alt='alternative text'>Step</a> checking if driver exist C:\Users\sagar\Java_Workspace\BP-3.2MajorRelease\Reports\27Oct_033701\createHelmService_chrome\createHelmService_chrome_300_Oct_033721.jpg <a href=C:\Users\sagar\Java_Workspace\BP-3.2MajorRelease\Reports\27Oct_033701\createHelmService_chrome\createHelmService_chrome_300_Oct_033721.jpg alt='alternative text'>Step</a> Getting driver  C:\Users\sagar\Java_Workspace\BP-3.2MajorRelease\Reports\27Oct_033701\createHelmService_chrome\createHelmService_chrome_300_Oct_033721.jpg <a href=C:\Users\sagar\Java_Workspace\BP-3.2MajorRelease\Reports\27Oct_033701\createHelmService_chrome\createHelmService_chrome_300_Oct_033721.jpg alt='alternative text'>Step</a> Getting driver  C:\Users\sagar\Java_Workspace\BP-3.2MajorRelease\Reports\27Oct_033701\createHelmService_chrome\createHelmService_chrome_300_Oct_033721.jpg <a href=C:\Users\sagar\Java_Workspace\BP-3.2MajorRelease\Reports\27Oct_033701\createHelmService_chrome\createHelmService_chrome_300_Oct_033721.jpg alt='alternative text'>Step</a> Element [[ChromeDriver: chrome on WINDOWS (e97bf688cacd88fbf2ea3b7eecac9ebd)] -> xpath: //li//button[@class='app-cluster-button']//span[1][@title]]is displayed on screen Element is present [[ChromeDriver: chrome on WINDOWS (e97bf688cacd88fbf2ea3b7eecac9ebd)] -> xpath: //li//button[@class='app-cluster-button']//span[1][@title]] C:\Users\sagar\Java_Workspace\BP-3.2MajorRelease\Reports\27Oct_033701\createHelmService_chrome\createHelmService_chrome_300_Oct_033727.jpg <a href=C:\Users\sagar\Java_Workspace\BP-3.2MajorRelease\Reports\27Oct_033701\createHelmService_chrome\createHelmService_chrome_300_Oct_033727.jpg alt='alternative text'>Step</a> Element [[ChromeDriver: chrome on WINDOWS (e97bf688cacd88fbf2ea3b7eecac9ebd)] -> xpath: //button//div//span[@class='flaticon-expand-arrow']/../../..//div//button//p[text()='Service Overview']]is displayed on screen Clicking on element Poc_QA serviceOverviewLink C:\Users\sagar\Java_Workspace\BP-3.2MajorRelease\Reports\27Oct_033701\createHelmService_chrome\createHelmService_chrome_300_Oct_033728.jpg <a href=C:\Users\sagar\Java_Workspace\BP-3.2MajorRelease\Reports\27Oct_033701\createHelmService_chrome\createHelmService_chrome_300_Oct_033728.jpg alt='alternative text'>Step</a> Element [[ChromeDriver: chrome on WINDOWS (e97bf688cacd88fbf2ea3b7eecac9ebd)] -> xpath: //button[text()=' Add Service']]is displayed on screen Element is present [[ChromeDriver: chrome on WINDOWS (e97bf688cacd88fbf2ea3b7eecac9ebd)] -> xpath: //button[text()=' Add Service']] C:\Users\sagar\Java_Workspace\BP-3.2MajorRelease\Reports\27Oct_033701\createHelmService_chrome\createHelmService_chrome_300_Oct_033728.jpg <a href=C:\Users\sagar\Java_Workspace\BP-3.2MajorRelease\Reports\27Oct_033701\createHelmService_chrome\createHelmService_chrome_300_Oct_033728.jpg alt='alternative text'>Step</a> Element [[ChromeDriver: chrome on WINDOWS (e97bf688cacd88fbf2ea3b7eecac9ebd)] -> xpath: //button[text()=' Add Service']]is displayed on screen Clicking on element Poc_QA addServiceBtn C:\Users\sagar\Java_Workspace\BP-3.2MajorRelease\Reports\27Oct_033701\createHelmService_chrome\createHelmService_chrome_300_Oct_033729.jpg <a href=C:\Users\sagar\Java_Workspace\BP-3.2MajorRelease\Reports\27Oct_033701\createHelmService_chrome\createHelmService_chrome_300_Oct_033729.jpg alt='alternative text'>Step</a> Element [[ChromeDriver: chrome on WINDOWS (e97bf688cacd88fbf2ea3b7eecac9ebd)] -> xpath: //h1[@class='main-heading']]is displayed on screen Element is present [[ChromeDriver: chrome on WINDOWS (e97bf688cacd88fbf2ea3b7eecac9ebd)] -> xpath: //h1[@class='main-heading']] C:\Users\sagar\Java_Workspace\BP-3.2MajorRelease\Reports\27Oct_033701\createHelmService_chrome\createHelmService_chrome_300_Oct_033729.jpg <a href=C:\Users\sagar\Java_Workspace\BP-3.2MajorRelease\Reports\27Oct_033701\createHelmService_chrome\createHelmService_chrome_300_Oct_033729.jpg alt='alternative text'>Step</a> Element [[ChromeDriver: chrome on WINDOWS (e97bf688cacd88fbf2ea3b7eecac9ebd)] -> xpath: //input[@placeholder='demo-app']]is displayed on screen Setting value on element sets service name C:\Users\sagar\Java_Workspace\BP-3.2MajorRelease\Reports\27Oct_033701\createHelmService_chrome\createHelmService_chrome_300_Oct_033730.jpg <a href=C:\Users\sagar\Java_Workspace\BP-3.2MajorRelease\Reports\27Oct_033701\createHelmService_chrome\createHelmService_chrome_300_Oct_033730.jpg alt='alternative text'>Step</a> Element [[ChromeDriver: chrome on WINDOWS (e97bf688cacd88fbf2ea3b7eecac9ebd)] -> xpath: //input[@placeholder='Sample-Service']]is displayed on screen Setting value on element sets external name C:\Users\sagar\Java_Workspace\BP-3.2MajorRelease\Reports\27Oct_033701\createHelmService_chrome\createHelmService_chrome_300_Oct_033730.jpg <a href=C:\Users\sagar\Java_Workspace\BP-3.2MajorRelease\Reports\27Oct_033701\createHelmService_chrome\createHelmService_chrome_300_Oct_033730.jpg alt='alternative text'>Step</a> Element [[ChromeDriver: chrome on WINDOWS (e97bf688cacd88fbf2ea3b7eecac9ebd)] -> xpath: //span[contains(.,'Build for every environment')]]is displayed on screen Clicking on element Poc_QA selectEveryRadioBtn C:\Users\sagar\Java_Workspace\BP-3.2MajorRelease\Reports\27Oct_033701\createHelmService_chrome\createHelmService_chrome_300_Oct_033731.jpg <a href=C:\Users\sagar\Java_Workspace\BP-3.2MajorRelease\Reports\27Oct_033701\createHelmService_chrome\createHelmService_chrome_300_Oct_033731.jpg alt='alternative text'>Step</a> Element [[ChromeDriver: chrome on WINDOWS (e97bf688cacd88fbf2ea3b7eecac9ebd)] -> xpath: //button[@class='btn btn-submit']]is displayed on screen Clicking on element Poc_QA SubmitCreatePage C:\Users\sagar\Java_Workspace\BP-3.2MajorRelease\Reports\27Oct_033701\createHelmService_chrome\createHelmService_chrome_300_Oct_033731.jpg <a href=C:\Users\sagar\Java_Workspace\BP-3.2MajorRelease\Reports\27Oct_033701\createHelmService_chrome\createHelmService_chrome_300_Oct_033731.jpg alt='alternative text'>Step</a> Element [[ChromeDriver: chrome on WINDOWS (e97bf688cacd88fbf2ea3b7eecac9ebd)] -> xpath: //h1[@class='h1' and contains(.,'Create a Environment')]]is displayed on screen Element is present [[ChromeDriver: chrome on WINDOWS (e97bf688cacd88fbf2ea3b7eecac9ebd)] -> xpath: //h1[@class='h1' and contains(.,'Create a Environment')]] C:\Users\sagar\Java_Workspace\BP-3.2MajorRelease\Reports\27Oct_033701\createHelmService_chrome\createHelmService_chrome_300_Oct_033733.jpg <a href=C:\Users\sagar\Java_Workspace\BP-3.2MajorRelease\Reports\27Oct_033701\createHelmService_chrome\createHelmService_chrome_300_Oct_033733.jpg alt='alternative text'>Step</a> Element [[ChromeDriver: chrome on WINDOWS (e97bf688cacd88fbf2ea3b7eecac9ebd)] -> xpath: //select[@name='env_id']]is displayed on screen Element is present [[ChromeDriver: chrome on WINDOWS (e97bf688cacd88fbf2ea3b7eecac9ebd)] -> xpath: //select[@name='env_id']] C:\Users\sagar\Java_Workspace\BP-3.2MajorRelease\Reports\27Oct_033701\createHelmService_chrome\createHelmService_chrome_300_Oct_033733.jpg <a href=C:\Users\sagar\Java_Workspace\BP-3.2MajorRelease\Reports\27Oct_033701\createHelmService_chrome\createHelmService_chrome_300_Oct_033733.jpg alt='alternative text'>Step</a> Element [[ChromeDriver: chrome on WINDOWS (e97bf688cacd88fbf2ea3b7eecac9ebd)] -> xpath: //button[@class='btn btn-submit']]is displayed on screen Element is present [[ChromeDriver: chrome on WINDOWS (e97bf688cacd88fbf2ea3b7eecac9ebd)] -> xpath: //button[@class='btn btn-submit']] C:\Users\sagar\Java_Workspace\BP-3.2MajorRelease\Reports\27Oct_033701\createHelmService_chrome\createHelmService_chrome_300_Oct_033734.jpg <a href=C:\Users\sagar\Java_Workspace\BP-3.2MajorRelease\Reports\27Oct_033701\createHelmService_chrome\createHelmService_chrome_300_Oct_033734.jpg alt='alternative text'>Step</a> Element [[ChromeDriver: chrome on WINDOWS (e97bf688cacd88fbf2ea3b7eecac9ebd)] -> xpath: //button[@class='btn btn-submit']]is displayed on screen Clicking on element Poc_QA SubmitEnvPage C:\Users\sagar\Java_Workspace\BP-3.2MajorRelease\Reports\27Oct_033701\createHelmService_chrome\createHelmService_chrome_300_Oct_033734.jpg <a href=C:\Users\sagar\Java_Workspace\BP-3.2MajorRelease\Reports\27Oct_033701\createHelmService_chrome\createHelmService_chrome_300_Oct_033734.jpg alt='alternative text'>Step</a> Element [[ChromeDriver: chrome on WINDOWS (e97bf688cacd88fbf2ea3b7eecac9ebd)] -> xpath: //*[text()='Configure Build']]is displayed on screen Element is present [[ChromeDriver: chrome on WINDOWS (e97bf688cacd88fbf2ea3b7eecac9ebd)] -> xpath: //*[text()='Configure Build']] C:\Users\sagar\Java_Workspace\BP-3.2MajorRelease\Reports\27Oct_033701\createHelmService_chrome\createHelmService_chrome_300_Oct_033738.jpg <a href=C:\Users\sagar\Java_Workspace\BP-3.2MajorRelease\Reports\27Oct_033701\createHelmService_chrome\createHelmService_chrome_300_Oct_033738.jpg alt='alternative text'>Step</a> Element [[ChromeDriver: chrome on WINDOWS (e97bf688cacd88fbf2ea3b7eecac9ebd)] -> xpath: //*[text()='Configure Build']]is displayed on screen  Element +Proxy element for: DefaultElementLocator 'By.xpath: //*[text()='Configure Build']' is not clickable using selenium click C:\Users\sagar\Java_Workspace\BP-3.2MajorRelease\Reports\27Oct_033701\createHelmService_chrome\createHelmService_chrome_300_Oct_033740.jpg <a href=C:\Users\sagar\Java_Workspace\BP-3.2MajorRelease\Reports\27Oct_033701\createHelmService_chrome\createHelmService_chrome_300_Oct_033740.jpg alt='alternative text'>Step</a> Clicking on element Poc_QA clickConfigBuild C:\Users\sagar\Java_Workspace\BP-3.2MajorRelease\Reports\27Oct_033701\createHelmService_chrome\createHelmService_chrome_300_Oct_033740.jpg <a href=C:\Users\sagar\Java_Workspace\BP-3.2MajorRelease\Reports\27Oct_033701\createHelmService_chrome\createHelmService_chrome_300_Oct_033740.jpg alt='alternative text'>Step</a> Element [[ChromeDriver: chrome on WINDOWS (e97bf688cacd88fbf2ea3b7eecac9ebd)] -> xpath: //div[@class='md-step-circle current']]is displayed on screen Element is present [[ChromeDriver: chrome on WINDOWS (e97bf688cacd88fbf2ea3b7eecac9ebd)] -> xpath: //div[@class='md-step-circle current']] C:\Users\sagar\Java_Workspace\BP-3.2MajorRelease\Reports\27Oct_033701\createHelmService_chrome\createHelmService_chrome_300_Oct_033744.jpg <a href=C:\Users\sagar\Java_Workspace\BP-3.2MajorRelease\Reports\27Oct_033701\createHelmService_chrome\createHelmService_chrome_300_Oct_033744.jpg alt='alternative text'>Step</a> Element [[ChromeDriver: chrome on WINDOWS (e97bf688cacd88fbf2ea3b7eecac9ebd)] -> xpath: //div[@class='MuiInputBase-root MuiOutlinedInput-root MuiAutocomplete-inputRoot MuiInputBase-fullWidth MuiInputBase-formControl MuiInputBase-adornedEnd MuiOutlinedInput-adornedEnd']]is displayed on screen Element is present [[ChromeDriver: chrome on WINDOWS (e97bf688cacd88fbf2ea3b7eecac9ebd)] -> xpath: //div[@class='MuiInputBase-root MuiOutlinedInput-root MuiAutocomplete-inputRoot MuiInputBase-fullWidth MuiInputBase-formControl MuiInputBase-adornedEnd MuiOutlinedInput-adornedEnd']] C:\Users\sagar\Java_Workspace\BP-3.2MajorRelease\Reports\27Oct_033701\createHelmService_chrome\createHelmService_chrome_300_Oct_033744.jpg <a href=C:\Users\sagar\Java_Workspace\BP-3.2MajorRelease\Reports\27Oct_033701\createHelmService_chrome\createHelmService_chrome_300_Oct_033744.jpg alt='alternative text'>Step</a> Element [[ChromeDriver: chrome on WINDOWS (e97bf688cacd88fbf2ea3b7eecac9ebd)] -> xpath: //input[@name='git_url']]is displayed on screen Clicking on element Poc_QA gitUrlInputField C:\Users\sagar\Java_Workspace\BP-3.2MajorRelease\Reports\27Oct_033701\createHelmService_chrome\createHelmService_chrome_300_Oct_033744.jpg <a href=C:\Users\sagar\Java_Workspace\BP-3.2MajorRelease\Reports\27Oct_033701\createHelmService_chrome\createHelmService_chrome_300_Oct_033744.jpg alt='alternative text'>Step</a> Element [[ChromeDriver: chrome on WINDOWS (e97bf688cacd88fbf2ea3b7eecac9ebd)] -> xpath: //button[@title='Clear']]is displayed on screen Clicking on element ClicksclearField C:\Users\sagar\Java_Workspace\BP-3.2MajorRelease\Reports\27Oct_033701\createHelmService_chrome\createHelmService_chrome_300_Oct_033750.jpg <a href=C:\Users\sagar\Java_Workspace\BP-3.2MajorRelease\Reports\27Oct_033701\createHelmService_chrome\createHelmService_chrome_300_Oct_033750.jpg alt='alternative text'>Step</a> Element [[ChromeDriver: chrome on WINDOWS (e97bf688cacd88fbf2ea3b7eecac9ebd)] -> xpath: //input[@name='git_url']]is displayed on screen Element [[ChromeDriver: chrome on WINDOWS (e97bf688cacd88fbf2ea3b7eecac9ebd)] -> xpath: //*[text()='Load Branches']]is displayed on screen Element is present [[ChromeDriver: chrome on WINDOWS (e97bf688cacd88fbf2ea3b7eecac9ebd)] -> xpath: //*[text()='Load Branches']] C:\Users\sagar\Java_Workspace\BP-3.2MajorRelease\Reports\27Oct_033701\createHelmService_chrome\createHelmService_chrome_300_Oct_033800.jpg <a href=C:\Users\sagar\Java_Workspace\BP-3.2MajorRelease\Reports\27Oct_033701\createHelmService_chrome\createHelmService_chrome_300_Oct_033800.jpg alt='alternative text'>Step</a> Element [[ChromeDriver: chrome on WINDOWS (e97bf688cacd88fbf2ea3b7eecac9ebd)] -> xpath: //*[text()='Load Branches']]is displayed on screen Clicking on element Poc_QA loadBranchesBtn C:\Users\sagar\Java_Workspace\BP-3.2MajorRelease\Reports\27Oct_033701\createHelmService_chrome\createHelmService_chrome_300_Oct_033800.jpg <a href=C:\Users\sagar\Java_Workspace\BP-3.2MajorRelease\Reports\27Oct_033701\createHelmService_chrome\createHelmService_chrome_300_Oct_033800.jpg alt='alternative text'>Step</a> Element [[ChromeDriver: chrome on WINDOWS (e97bf688cacd88fbf2ea3b7eecac9ebd)] -> xpath: //select[@name='branch_name']]is displayed on screen Element is present [[ChromeDriver: chrome on WINDOWS (e97bf688cacd88fbf2ea3b7eecac9ebd)] -> xpath: //select[@name='branch_name']] C:\Users\sagar\Java_Workspace\BP-3.2MajorRelease\Reports\27Oct_033701\createHelmService_chrome\createHelmService_chrome_300_Oct_033811.jpg <a href=C:\Users\sagar\Java_Workspace\BP-3.2MajorRelease\Reports\27Oct_033701\createHelmService_chrome\createHelmService_chrome_300_Oct_033811.jpg alt='alternative text'>Step</a> Element [[ChromeDriver: chrome on WINDOWS (e97bf688cacd88fbf2ea3b7eecac9ebd)] -> xpath: //input[@name='file_paths']]is displayed on screen Element [[ChromeDriver: chrome on WINDOWS (e97bf688cacd88fbf2ea3b7eecac9ebd)] -> xpath: //input[@name='file_paths_build_context']]is displayed on screen Element [[ChromeDriver: chrome on WINDOWS (e97bf688cacd88fbf2ea3b7eecac9ebd)] -> xpath: //*[text()='Advance Configurations']]is displayed on screen Element is present [[ChromeDriver: chrome on WINDOWS (e97bf688cacd88fbf2ea3b7eecac9ebd)] -> xpath: //*[text()='Advance Configurations']] C:\Users\sagar\Java_Workspace\BP-3.2MajorRelease\Reports\27Oct_033701\createHelmService_chrome\createHelmService_chrome_300_Oct_033815.jpg <a href=C:\Users\sagar\Java_Workspace\BP-3.2MajorRelease\Reports\27Oct_033701\createHelmService_chrome\createHelmService_chrome_300_Oct_033815.jpg alt='alternative text'>Step</a> Element [[ChromeDriver: chrome on WINDOWS (e97bf688cacd88fbf2ea3b7eecac9ebd)] -> xpath: //button[text()='Continue']]is displayed on screen Clicking on element Poc_QA clickContinueBtn C:\Users\sagar\Java_Workspace\BP-3.2MajorRelease\Reports\27Oct_033701\createHelmService_chrome\createHelmService_chrome_300_Oct_033815.jpg <a href=C:\Users\sagar\Java_Workspace\BP-3.2MajorRelease\Reports\27Oct_033701\createHelmService_chrome\createHelmService_chrome_300_Oct_033815.jpg alt='alternative text'>Step</a> Element [[ChromeDriver: chrome on WINDOWS (e97bf688cacd88fbf2ea3b7eecac9ebd)] -> xpath: //h4[@class='mainHeading']]is displayed on screen Element is present [[ChromeDriver: chrome on WINDOWS (e97bf688cacd88fbf2ea3b7eecac9ebd)] -> xpath: //h4[@class='mainHeading']] C:\Users\sagar\Java_Workspace\BP-3.2MajorRelease\Reports\27Oct_033701\createHelmService_chrome\createHelmService_chrome_300_Oct_033820.jpg <a href=C:\Users\sagar\Java_Workspace\BP-3.2MajorRelease\Reports\27Oct_033701\createHelmService_chrome\createHelmService_chrome_300_Oct_033820.jpg alt='alternative text'>Step</a> Element [[ChromeDriver: chrome on WINDOWS (e97bf688cacd88fbf2ea3b7eecac9ebd)] -> xpath: //*[text()='Build Env Details']]is displayed on screen Element is present [[ChromeDriver: chrome on WINDOWS (e97bf688cacd88fbf2ea3b7eecac9ebd)] -> xpath: //*[text()='Build Env Details']] C:\Users\sagar\Java_Workspace\BP-3.2MajorRelease\Reports\27Oct_033701\createHelmService_chrome\createHelmService_chrome_300_Oct_033821.jpg <a href=C:\Users\sagar\Java_Workspace\BP-3.2MajorRelease\Reports\27Oct_033701\createHelmService_chrome\createHelmService_chrome_300_Oct_033821.jpg alt='alternative text'>Step</a> Element [[ChromeDriver: chrome on WINDOWS (e97bf688cacd88fbf2ea3b7eecac9ebd)] -> xpath: //span[@class='switch-label'][@data-on]]is displayed on screen Clicking on element Poc_QA envDetailsSwitch C:\Users\sagar\Java_Workspace\BP-3.2MajorRelease\Reports\27Oct_033701\createHelmService_chrome\createHelmService_chrome_300_Oct_033821.jpg <a href=C:\Users\sagar\Java_Workspace\BP-3.2MajorRelease\Reports\27Oct_033701\createHelmService_chrome\createHelmService_chrome_300_Oct_033821.jpg alt='alternative text'>Step</a> Element [[ChromeDriver: chrome on WINDOWS (e97bf688cacd88fbf2ea3b7eecac9ebd)] -> xpath: //input[@name='key']]is displayed on screen Setting value on element Poc_QA envName C:\Users\sagar\Java_Workspace\BP-3.2MajorRelease\Reports\27Oct_033701\createHelmService_chrome\createHelmService_chrome_300_Oct_033821.jpg <a href=C:\Users\sagar\Java_Workspace\BP-3.2MajorRelease\Reports\27Oct_033701\createHelmService_chrome\createHelmService_chrome_300_Oct_033821.jpg alt='alternative text'>Step</a> Element [[ChromeDriver: chrome on WINDOWS (e97bf688cacd88fbf2ea3b7eecac9ebd)] -> xpath: //input[@name='value']]is displayed on screen Setting value on element Poc_QA envValue C:\Users\sagar\Java_Workspace\BP-3.2MajorRelease\Reports\27Oct_033701\createHelmService_chrome\createHelmService_chrome_300_Oct_033822.jpg <a href=C:\Users\sagar\Java_Workspace\BP-3.2MajorRelease\Reports\27Oct_033701\createHelmService_chrome\createHelmService_chrome_300_Oct_033822.jpg alt='alternative text'>Step</a> Element [[ChromeDriver: chrome on WINDOWS (e97bf688cacd88fbf2ea3b7eecac9ebd)] -> xpath: //button[text()='Continue']]is displayed on screen Clicking on element Poc_QA clickContinueBtn C:\Users\sagar\Java_Workspace\BP-3.2MajorRelease\Reports\27Oct_033701\createHelmService_chrome\createHelmService_chrome_300_Oct_033822.jpg <a href=C:\Users\sagar\Java_Workspace\BP-3.2MajorRelease\Reports\27Oct_033701\createHelmService_chrome\createHelmService_chrome_300_Oct_033822.jpg alt='alternative text'>Step</a> Element [[ChromeDriver: chrome on WINDOWS (e97bf688cacd88fbf2ea3b7eecac9ebd)] -> xpath: //input[@name='pre_hook_enabled']/../span[@class='switch-handle']]is displayed on screen Clicking on element Poc_QA preHooksSwitch C:\Users\sagar\Java_Workspace\BP-3.2MajorRelease\Reports\27Oct_033701\createHelmService_chrome\createHelmService_chrome_300_Oct_033823.jpg <a href=C:\Users\sagar\Java_Workspace\BP-3.2MajorRelease\Reports\27Oct_033701\createHelmService_chrome\createHelmService_chrome_300_Oct_033823.jpg alt='alternative text'>Step</a> Element [[ChromeDriver: chrome on WINDOWS (e97bf688cacd88fbf2ea3b7eecac9ebd)] -> xpath: //p[contains(.,'Add Pre Hook')]/../../..//input[@placeholder='Run Command' and string-length(@value)=0]]is displayed on screen Setting value on element Poc_QA preHooksPasswordBox1 C:\Users\sagar\Java_Workspace\BP-3.2MajorRelease\Reports\27Oct_033701\createHelmService_chrome\createHelmService_chrome_300_Oct_033823.jpg <a href=C:\Users\sagar\Java_Workspace\BP-3.2MajorRelease\Reports\27Oct_033701\createHelmService_chrome\createHelmService_chrome_300_Oct_033823.jpg alt='alternative text'>Step</a> Element [[ChromeDriver: chrome on WINDOWS (e97bf688cacd88fbf2ea3b7eecac9ebd)] -> xpath: //button[@class='nowrap']]is displayed on screen Clicking on element clicks on add New Hook C:\Users\sagar\Java_Workspace\BP-3.2MajorRelease\Reports\27Oct_033701\createHelmService_chrome\createHelmService_chrome_300_Oct_033823.jpg <a href=C:\Users\sagar\Java_Workspace\BP-3.2MajorRelease\Reports\27Oct_033701\createHelmService_chrome\createHelmService_chrome_300_Oct_033823.jpg alt='alternative text'>Step</a> Element [[ChromeDriver: chrome on WINDOWS (e97bf688cacd88fbf2ea3b7eecac9ebd)] -> xpath: //p[contains(.,'Add Pre Hook')]/../../..//input[@placeholder='Run Command' and string-length(@value)=0]]is displayed on screen Setting value on element Poc_QA preHooksPasswordBox2 C:\Users\sagar\Java_Workspace\BP-3.2MajorRelease\Reports\27Oct_033701\createHelmService_chrome\createHelmService_chrome_300_Oct_033824.jpg <a href=C:\Users\sagar\Java_Workspace\BP-3.2MajorRelease\Reports\27Oct_033701\createHelmService_chrome\createHelmService_chrome_300_Oct_033824.jpg alt='alternative text'>Step</a> Element [[ChromeDriver: chrome on WINDOWS (e97bf688cacd88fbf2ea3b7eecac9ebd)] -> xpath: //input[@name='post_hook_enabled']/../span[@class='switch-handle']]is displayed on screen Clicking on element Poc_QA postHooksSwitch C:\Users\sagar\Java_Workspace\BP-3.2MajorRelease\Reports\27Oct_033701\createHelmService_chrome\createHelmService_chrome_300_Oct_033824.jpg <a href=C:\Users\sagar\Java_Workspace\BP-3.2MajorRelease\Reports\27Oct_033701\createHelmService_chrome\createHelmService_chrome_300_Oct_033824.jpg alt='alternative text'>Step</a> Element [[ChromeDriver: chrome on WINDOWS (e97bf688cacd88fbf2ea3b7eecac9ebd)] -> xpath: //p[contains(.,'Add Post Hook')]/../../..//input[@placeholder='Run Command' and string-length(@value)=0]]is displayed on screen Setting value on element Poc_QA postHooksPasswordBox1 C:\Users\sagar\Java_Workspace\BP-3.2MajorRelease\Reports\27Oct_033701\createHelmService_chrome\createHelmService_chrome_300_Oct_033825.jpg <a href=C:\Users\sagar\Java_Workspace\BP-3.2MajorRelease\Reports\27Oct_033701\createHelmService_chrome\createHelmService_chrome_300_Oct_033825.jpg alt='alternative text'>Step</a> Element [[ChromeDriver: chrome on WINDOWS (e97bf688cacd88fbf2ea3b7eecac9ebd)] -> xpath: (//button[@class='nowrap'])[2]]is displayed on screen Clicking on element clicks on add New Post Hook C:\Users\sagar\Java_Workspace\BP-3.2MajorRelease\Reports\27Oct_033701\createHelmService_chrome\createHelmService_chrome_300_Oct_033825.jpg <a href=C:\Users\sagar\Java_Workspace\BP-3.2MajorRelease\Reports\27Oct_033701\createHelmService_chrome\createHelmService_chrome_300_Oct_033825.jpg alt='alternative text'>Step</a> Element [[ChromeDriver: chrome on WINDOWS (e97bf688cacd88fbf2ea3b7eecac9ebd)] -> xpath: //p[contains(.,'Add Post Hook')]/../../..//input[@placeholder='Run Command' and string-length(@value)=0]]is displayed on screen Setting value on element Poc_QA postHooksPasswordBox2 C:\Users\sagar\Java_Workspace\BP-3.2MajorRelease\Reports\27Oct_033701\createHelmService_chrome\createHelmService_chrome_300_Oct_033825.jpg <a href=C:\Users\sagar\Java_Workspace\BP-3.2MajorRelease\Reports\27Oct_033701\createHelmService_chrome\createHelmService_chrome_300_Oct_033825.jpg alt='alternative text'>Step</a> Element [[ChromeDriver: chrome on WINDOWS (e97bf688cacd88fbf2ea3b7eecac9ebd)] -> xpath: //button[@class='btn btn-submit']]is displayed on screen Clicking on element Poc_QA submitHooks C:\Users\sagar\Java_Workspace\BP-3.2MajorRelease\Reports\27Oct_033701\createHelmService_chrome\createHelmService_chrome_300_Oct_033826.jpg <a href=C:\Users\sagar\Java_Workspace\BP-3.2MajorRelease\Reports\27Oct_033701\createHelmService_chrome\createHelmService_chrome_300_Oct_033826.jpg alt='alternative text'>Step</a> Element [[ChromeDriver: chrome on WINDOWS (e97bf688cacd88fbf2ea3b7eecac9ebd)] -> xpath: //*[text()='Env Deploy Details']]is displayed on screen Element is present [[ChromeDriver: chrome on WINDOWS (e97bf688cacd88fbf2ea3b7eecac9ebd)] -> xpath: //*[text()='Env Deploy Details']] C:\Users\sagar\Java_Workspace\BP-3.2MajorRelease\Reports\27Oct_033701\createHelmService_chrome\createHelmService_chrome_300_Oct_033827.jpg <a href=C:\Users\sagar\Java_Workspace\BP-3.2MajorRelease\Reports\27Oct_033701\createHelmService_chrome\createHelmService_chrome_300_Oct_033827.jpg alt='alternative text'>Step</a> Element [[ChromeDriver: chrome on WINDOWS (e97bf688cacd88fbf2ea3b7eecac9ebd)] -> xpath: //*[text()='Env Deploy Details']]is displayed on screen Clicking on element Poc_QA validateDeployDetails C:\Users\sagar\Java_Workspace\BP-3.2MajorRelease\Reports\27Oct_033701\createHelmService_chrome\createHelmService_chrome_300_Oct_033827.jpg <a href=C:\Users\sagar\Java_Workspace\BP-3.2MajorRelease\Reports\27Oct_033701\createHelmService_chrome\createHelmService_chrome_300_Oct_033827.jpg alt='alternative text'>Step</a> Element [[ChromeDriver: chrome on WINDOWS (e97bf688cacd88fbf2ea3b7eecac9ebd)] -> xpath: //div[@class='box-with-btn']//span[2][text()='you can also configure the CD by uploading your custom manifest file.']]is displayed on screen Element is present [[ChromeDriver: chrome on WINDOWS (e97bf688cacd88fbf2ea3b7eecac9ebd)] -> xpath: //div[@class='box-with-btn']//span[2][text()='you can also configure the CD by uploading your custom manifest file.']] C:\Users\sagar\Java_Workspace\BP-3.2MajorRelease\Reports\27Oct_033701\createHelmService_chrome\createHelmService_chrome_300_Oct_033828.jpg <a href=C:\Users\sagar\Java_Workspace\BP-3.2MajorRelease\Reports\27Oct_033701\createHelmService_chrome\createHelmService_chrome_300_Oct_033828.jpg alt='alternative text'>Step</a> Element [[ChromeDriver: chrome on WINDOWS (e97bf688cacd88fbf2ea3b7eecac9ebd)] -> xpath: //div[@class='box-with-btn']//span[2][text()='you can also configure the CD by uploading your custom manifest file.']]is displayed on screen  Element +[[ChromeDriver: chrome on WINDOWS (e97bf688cacd88fbf2ea3b7eecac9ebd)] -> xpath: //div[@class='box-with-btn']//span[2][text()='you can also configure the CD by uploading your custom manifest file.']] is not clickable using selenium click C:\Users\sagar\Java_Workspace\BP-3.2MajorRelease\Reports\27Oct_033701\createHelmService_chrome\createHelmService_chrome_300_Oct_033829.jpg <a href=C:\Users\sagar\Java_Workspace\BP-3.2MajorRelease\Reports\27Oct_033701\createHelmService_chrome\createHelmService_chrome_300_Oct_033829.jpg alt='alternative text'>Step</a> Clicking on element clicks on custom manifest button under deploy details C:\Users\sagar\Java_Workspace\BP-3.2MajorRelease\Reports\27Oct_033701\createHelmService_chrome\createHelmService_chrome_300_Oct_033830.jpg <a href=C:\Users\sagar\Java_Workspace\BP-3.2MajorRelease\Reports\27Oct_033701\createHelmService_chrome\createHelmService_chrome_300_Oct_033830.jpg alt='alternative text'>Step</a> Result upload to testlink is disabled, Please ensure you have 'UpdateTestLink=Yes' in project.properties  ####### End of Test Case: createHelmService #######  </system-out>
</testsuite> <!-- com.buildpiper.testcases.ServiceCreationTestcases -->
